Log file open, 02/13/22 20:55:24
LogWindows: Failed to load 'aqProf.dll' (GetLastError=126)
LogWindows: File 'aqProf.dll' does not exist
LogWindows: Failed to load 'VtuneApi.dll' (GetLastError=126)
LogWindows: File 'VtuneApi.dll' does not exist
LogWindows: Failed to load 'VtuneApi32e.dll' (GetLastError=126)
LogWindows: File 'VtuneApi32e.dll' does not exist
LogConsoleResponse: Display: Failed to find resolution value strings in scalability ini. Falling back to default.
LogConsoleResponse: Display: Failed to find resolution value strings in scalability ini. Falling back to default.
LogInit: Display: Running engine for game: InfiniteMatrix
LogPlatformFile: Not using cached read wrapper
LogTaskGraph: Started task graph with 5 named threads and 23 total threads with 3 sets of task threads.
LogStats: Stats thread started at 0.320368
LogICUInternationalization: ICU TimeZone Detection - Raw Offset: -6:00, Platform Override: ''
LogInit: Display: Loading text-based GConfig....
LogPluginManager: Mounting plugin MeshPainting
LogPluginManager: Mounting plugin XGEController
LogPluginManager: Mounting plugin Paper2D
LogPluginManager: Mounting plugin AISupport
LogPluginManager: Mounting plugin EnvironmentQueryEditor
LogPluginManager: Mounting plugin LiveLink
LogPluginManager: Mounting plugin LightPropagationVolume
LogPluginManager: Mounting plugin OodleData
LogPluginManager: Mounting plugin OodleNetwork
LogPluginManager: Mounting plugin AnimationSharing
LogPluginManager: Mounting plugin CLionSourceCodeAccess
LogPluginManager: Mounting plugin CodeLiteSourceCodeAccess
LogPluginManager: Mounting plugin GitSourceControl
LogPluginManager: Mounting plugin KDevelopSourceCodeAccess
LogPluginManager: Mounting plugin NullSourceCodeAccess
LogPluginManager: Mounting plugin PerforceSourceControl
LogPluginManager: Mounting plugin PixWinPlugin
LogPluginManager: Mounting plugin PluginUtils
LogPluginManager: Mounting plugin PropertyAccessNode
LogPluginManager: Mounting plugin PlasticSourceControl
LogPluginManager: Mounting plugin RiderSourceCodeAccess
LogPluginManager: Mounting plugin SubversionSourceControl
LogPluginManager: Mounting plugin VisualStudioSourceCodeAccess
LogPluginManager: Mounting plugin TextureFormatOodle
LogPluginManager: Mounting plugin UObjectPlugin
LogPluginManager: Mounting plugin VisualStudioCodeSourceCodeAccess
LogPluginManager: Mounting plugin XCodeSourceCodeAccess
LogPluginManager: Mounting plugin DatasmithContent
LogPluginManager: Mounting plugin VariantManagerContent
LogPluginManager: Mounting plugin AssetManagerEditor
LogPluginManager: Mounting plugin CryptoKeys
LogPluginManager: Mounting plugin CurveEditorTools
LogPluginManager: Mounting plugin DataValidation
LogPluginManager: Mounting plugin FacialAnimation
LogPluginManager: Mounting plugin GameplayTagsEditor
LogPluginManager: Mounting plugin MaterialAnalyzer
LogPluginManager: Mounting plugin MacGraphicsSwitching
LogPluginManager: Mounting plugin GeometryMode
LogPluginManager: Mounting plugin MobileLauncherProfileWizard
LogPluginManager: Mounting plugin PluginBrowser
LogPluginManager: Mounting plugin SpeedTreeImporter
LogPluginManager: Mounting plugin Niagara
LogPluginManager: Mounting plugin AlembicImporter
LogPluginManager: Mounting plugin AutomationUtils
LogPluginManager: Mounting plugin BackChannel
LogPluginManager: Mounting plugin ChaosCloth
LogPluginManager: Mounting plugin ChaosClothEditor
LogPluginManager: Mounting plugin ChaosEditor
LogPluginManager: Mounting plugin ChaosNiagara
LogPluginManager: Mounting plugin LuminPlatformFeatures
LogPluginManager: Mounting plugin MagicLeap
LogPluginManager: Mounting plugin ChaosSolverPlugin
LogPluginManager: Mounting plugin CharacterAI
LogPluginManager: Mounting plugin MagicLeapLightEstimation
LogPluginManager: Mounting plugin MagicLeapMedia
LogPluginManager: Mounting plugin MagicLeapPassableWorld
LogPluginManager: Mounting plugin MLSDK
LogPluginManager: Mounting plugin GeometryCache
LogPluginManager: Mounting plugin GeometryProcessing
LogPluginManager: Mounting plugin GeometryCollectionPlugin
LogPluginManager: Mounting plugin OpenImageDenoise
LogPluginManager: Mounting plugin MotoSynth
LogPluginManager: Mounting plugin PlanarCut
LogPluginManager: Mounting plugin ProxyLODPlugin
LogPluginManager: Mounting plugin AndroidMedia
LogPluginManager: Mounting plugin PlatformCrypto
LogPluginManager: Mounting plugin PythonScriptPlugin
LogPluginManager: Mounting plugin AvfMedia
LogPluginManager: Mounting plugin MediaCompositing
LogPluginManager: Mounting plugin ImgMedia
LogPluginManager: Mounting plugin MediaPlayerEditor
LogPluginManager: Mounting plugin WebMMedia
LogPluginManager: Mounting plugin WmfMedia
LogPluginManager: Mounting plugin SkeletalReduction
LogPluginManager: Mounting plugin TcpMessaging
LogPluginManager: Mounting plugin UdpMessaging
LogPluginManager: Mounting plugin ActorSequence
LogPluginManager: Mounting plugin LevelSequenceEditor
LogPluginManager: Mounting plugin MatineeToLevelSequence
LogPluginManager: Mounting plugin TemplateSequence
LogPluginManager: Mounting plugin ActorLayerUtilities
LogPluginManager: Mounting plugin AndroidMoviePlayer
LogPluginManager: Mounting plugin AndroidPermission
LogPluginManager: Mounting plugin AndroidDeviceProfileSelector
LogPluginManager: Mounting plugin AppleMoviePlayer
LogPluginManager: Mounting plugin AppleImageUtils
LogPluginManager: Mounting plugin ArchVisCharacter
LogPluginManager: Mounting plugin AssetTags
LogPluginManager: Mounting plugin AudioCapture
LogPluginManager: Mounting plugin AudioSynesthesia
LogPluginManager: Mounting plugin CableComponent
LogPluginManager: Mounting plugin ChunkDownloader
LogPluginManager: Mounting plugin CustomMeshComponent
LogPluginManager: Mounting plugin EditableMesh
LogPluginManager: Mounting plugin ExampleDeviceProfileSelector
LogPluginManager: Mounting plugin LauncherChunkInstaller
LogPluginManager: Mounting plugin GoogleCloudMessaging
LogPluginManager: Mounting plugin GooglePAD
LogPluginManager: Mounting plugin IOSDeviceProfileSelector
LogPluginManager: Mounting plugin LinuxDeviceProfileSelector
LogPluginManager: Mounting plugin LocationServicesBPLibrary
LogPluginManager: Mounting plugin MobilePatchingUtils
LogPluginManager: Mounting plugin OpenXREyeTracker
LogPluginManager: Mounting plugin OpenXR
LogPluginManager: Mounting plugin OpenXRHandTracking
LogPluginManager: Mounting plugin PhysXVehicles
LogPluginManager: Mounting plugin PostSplashScreen
LogPluginManager: Mounting plugin ProceduralMeshComponent
LogPluginManager: Mounting plugin PropertyAccessEditor
LogPluginManager: Mounting plugin RuntimePhysXCooking
LogPluginManager: Mounting plugin SignificanceManager
LogPluginManager: Mounting plugin SoundFields
LogPluginManager: Mounting plugin Synthesis
LogPluginManager: Mounting plugin WebMMoviePlayer
LogPluginManager: Mounting plugin WindowsMoviePlayer
LogPluginManager: Mounting plugin OnlineSubsystem
LogPluginManager: Mounting plugin OnlineSubsystemNull
LogPluginManager: Mounting plugin OnlineSubsystemUtils
LogPluginManager: Mounting plugin ScreenshotTools
LogPluginManager: Mounting plugin Takes
LogPluginManager: Mounting plugin GameplayCameras
LogPluginManager: Mounting plugin CameraShakePreviewer
LogPluginManager: Mounting plugin ContentBrowserClassDataSource
LogPluginManager: Mounting plugin ContentBrowserAssetDataSource
LogPluginManager: Mounting plugin ContentBrowserFileDataSource
LogPluginManager: Mounting plugin OculusVR
LogPluginManager: Mounting plugin SteamVR
LogPluginManager: Mounting plugin OnlineSubsystemGooglePlay
LogPluginManager: Mounting plugin OnlineSubsystemIOS
PixWinPlugin: PIX capture plugin failed to initialize! Check that the process is launched from PIX.
LogInit: Using libcurl 7.55.1-DEV
LogInit:  - built for x86_64-pc-win32
LogInit:  - supports SSL with OpenSSL/1.1.1
LogInit:  - supports HTTP deflate (compression) using libz 1.2.8
LogInit:  - other features:
LogInit:      CURL_VERSION_SSL
LogInit:      CURL_VERSION_LIBZ
LogInit:      CURL_VERSION_IPV6
LogInit:      CURL_VERSION_ASYNCHDNS
LogInit:      CURL_VERSION_LARGEFILE
LogInit:      CURL_VERSION_IDN
LogInit:  CurlRequestOptions (configurable via config and command line):
LogInit:  - bVerifyPeer = true  - Libcurl will verify peer certificate
LogInit:  - bUseHttpProxy = false  - Libcurl will NOT use HTTP proxy
LogInit:  - bDontReuseConnections = false  - Libcurl will reuse connections
LogInit:  - MaxHostConnections = 16  - Libcurl will limit the number of connections to a host
LogInit:  - LocalHostAddr = Default
LogInit:  - BufferSize = 65536
LogOnline: OSS: Creating online subsystem instance for: NULL
LogInit: WinSock: version 1.1 (2.2), MaxSocks=32767, MaxUdp=65467
LogOnline: OSS: TryLoadSubsystemAndSetDefault: Loaded subsystem for module [NULL]
LogOculusPluginWrapper: OculusPlugin initialized successfully
LogHMD: Failed initializing OVRPlugin 1.59.0
LogInit: Build: ++UE4+Release-4.27-CL-18319896
LogInit: Engine Version: 4.27.2-18319896+++UE4+Release-4.27
LogInit: Compatible Engine Version: 4.27.0-17155196+++UE4+Release-4.27
LogInit: Net CL: 17155196
LogInit: OS: Windows 10 (Release 2009) (), CPU: Intel(R) Xeon(R) CPU E5-1620 v3 @ 3.50GHz, GPU: NVIDIA GeForce GTX 1080
LogInit: Compiled (64-bit): Nov 30 2021 07:12:08
LogInit: Compiled with Visual C++: 19.24.28315.00
LogInit: Build Configuration: Development
LogInit: Branch Name: ++UE4+Release-4.27
LogInit: Command Line: 
LogInit: Base Directory: C:/Program Files/Epic Games/UE_4.27/Engine/Binaries/Win64/
LogInit: Allocator: TBB
LogInit: Installed Engine Build: 1
LogDevObjectVersion: Number of dev versions registered: 29
LogDevObjectVersion:   Dev-Blueprints (B0D832E4-1F89-4F0D-ACCF-7EB736FD4AA2): 10
LogDevObjectVersion:   Dev-Build (E1C64328-A22C-4D53-A36C-8E866417BD8C): 0
LogDevObjectVersion:   Dev-Core (375EC13C-06E4-48FB-B500-84F0262A717E): 4
LogDevObjectVersion:   Dev-Editor (E4B068ED-F494-42E9-A231-DA0B2E46BB41): 40
LogDevObjectVersion:   Dev-Framework (CFFC743F-43B0-4480-9391-14DF171D2073): 37
LogDevObjectVersion:   Dev-Mobile (B02B49B5-BB20-44E9-A304-32B752E40360): 3
LogDevObjectVersion:   Dev-Networking (A4E4105C-59A1-49B5-A7C5-40C4547EDFEE): 0
LogDevObjectVersion:   Dev-Online (39C831C9-5AE6-47DC-9A44-9C173E1C8E7C): 0
LogDevObjectVersion:   Dev-Physics (78F01B33-EBEA-4F98-B9B4-84EACCB95AA2): 14
LogDevObjectVersion:   Dev-Platform (6631380F-2D4D-43E0-8009-CF276956A95A): 0
LogDevObjectVersion:   Dev-Rendering (12F88B9F-8875-4AFC-A67C-D90C383ABD29): 45
LogDevObjectVersion:   Dev-Sequencer (7B5AE74C-D270-4C10-A958-57980B212A5A): 13
LogDevObjectVersion:   Dev-VR (D7296918-1DD6-4BDD-9DE2-64A83CC13884): 3
LogDevObjectVersion:   Dev-LoadTimes (C2A15278-BFE7-4AFE-6C17-90FF531DF755): 1
LogDevObjectVersion:   Private-Geometry (6EACA3D4-40EC-4CC1-B786-8BED09428FC5): 3
LogDevObjectVersion:   Dev-AnimPhys (29E575DD-E0A3-4627-9D10-D276232CDCEA): 17
LogDevObjectVersion:   Dev-Anim (AF43A65D-7FD3-4947-9873-3E8ED9C1BB05): 15
LogDevObjectVersion:   Dev-ReflectionCapture (6B266CEC-1EC7-4B8F-A30B-E4D90942FC07): 1
LogDevObjectVersion:   Dev-Automation (0DF73D61-A23F-47EA-B727-89E90C41499A): 1
LogDevObjectVersion:   FortniteMain (601D1886-AC64-4F84-AA16-D3DE0DEAC7D6): 47
LogDevObjectVersion:   FortniteRelease (E7086368-6B23-4C58-8439-1B7016265E91): 1
LogDevObjectVersion:   Dev-Enterprise (9DFFBCD6-494F-0158-E221-12823C92A888): 10
LogDevObjectVersion:   Dev-Niagara (F2AED0AC-9AFE-416F-8664-AA7FFA26D6FC): 1
LogDevObjectVersion:   Dev-Destruction (174F1F0B-B4C6-45A5-B13F-2EE8D0FB917D): 10
LogDevObjectVersion:   Dev-Physics-Ext (35F94A83-E258-406C-A318-09F59610247C): 41
LogDevObjectVersion:   Dev-PhysicsMaterial-Chaos (B68FC16E-8B1B-42E2-B453-215C058844FE): 1
LogDevObjectVersion:   Dev-CineCamera (B2E18506-4273-CFC2-A54E-F4BB758BBA07): 1
LogDevObjectVersion:   Dev-VirtualProduction (64F58936-FD1B-42BA-BA96-7289D5D0FA4E): 1
LogDevObjectVersion:   Dev-MediaFramework (6F0ED827-A609-4895-9C91-998D90180EA4): 2
LogInit: Presizing for max 25165824 objects, including 0 objects not considered by GC, pre-allocating 0 bytes for permanent pool.
LogConfig: Applying CVar settings from Section [/Script/Engine.StreamingSettings] File [C:/Users/conyew2/Desktop/MP1/Saved/Config/Windows/Engine.ini]
LogConfig: Setting CVar [[s.MinBulkDataSizeForAsyncLoading:131072]]
LogConfig: Setting CVar [[s.AsyncLoadingThreadEnabled:0]]
LogConfig: Setting CVar [[s.EventDrivenLoaderEnabled:1]]
LogConfig: Setting CVar [[s.WarnIfTimeLimitExceeded:0]]
LogConfig: Setting CVar [[s.TimeLimitExceededMultiplier:1.5]]
LogConfig: Setting CVar [[s.TimeLimitExceededMinTime:0.005]]
LogConfig: Setting CVar [[s.UseBackgroundLevelStreaming:1]]
LogConfig: Setting CVar [[s.PriorityAsyncLoadingExtraTime:15.0]]
LogConfig: Setting CVar [[s.LevelStreamingActorsUpdateTimeLimit:5.0]]
LogConfig: Setting CVar [[s.PriorityLevelStreamingActorsUpdateExtraTime:5.0]]
LogConfig: Setting CVar [[s.LevelStreamingComponentsRegistrationGranularity:10]]
LogConfig: Setting CVar [[s.UnregisterComponentsTimeLimit:1.0]]
LogConfig: Setting CVar [[s.LevelStreamingComponentsUnregistrationGranularity:5]]
LogConfig: Setting CVar [[s.FlushStreamingOnExit:1]]
LogInit: Object subsystem initialized
LogConfig: Setting CVar [[con.DebugEarlyDefault:1]]
LogConfig: Setting CVar [[r.setres:1280x720]]
[2022.02.14-02.55.25:264][  0]LogConfig: Setting CVar [[r.VSync:0]]
[2022.02.14-02.55.25:264][  0]LogConfig: Setting CVar [[r.RHICmdBypass:0]]
[2022.02.14-02.55.25:264][  0]LogConfig: Applying CVar settings from Section [/Script/Engine.RendererSettings] File [C:/Users/conyew2/Desktop/MP1/Saved/Config/Windows/Engine.ini]
[2022.02.14-02.55.25:264][  0]LogConfig: Setting CVar [[r.GPUCrashDebugging:0]]
[2022.02.14-02.55.25:264][  0]LogConfig: Applying CVar settings from Section [/Script/Engine.RendererOverrideSettings] File [C:/Users/conyew2/Desktop/MP1/Saved/Config/Windows/Engine.ini]
[2022.02.14-02.55.25:264][  0]LogConfig: Applying CVar settings from Section [/Script/Engine.StreamingSettings] File [C:/Users/conyew2/Desktop/MP1/Saved/Config/Windows/Engine.ini]
[2022.02.14-02.55.25:264][  0]LogConfig: Setting CVar [[s.MinBulkDataSizeForAsyncLoading:131072]]
[2022.02.14-02.55.25:264][  0]LogConfig: Setting CVar [[s.AsyncLoadingThreadEnabled:0]]
[2022.02.14-02.55.25:264][  0]LogConfig: Setting CVar [[s.EventDrivenLoaderEnabled:1]]
[2022.02.14-02.55.25:264][  0]LogConfig: Setting CVar [[s.WarnIfTimeLimitExceeded:0]]
[2022.02.14-02.55.25:264][  0]LogConfig: Setting CVar [[s.TimeLimitExceededMultiplier:1.5]]
[2022.02.14-02.55.25:264][  0]LogConfig: Setting CVar [[s.TimeLimitExceededMinTime:0.005]]
[2022.02.14-02.55.25:264][  0]LogConfig: Setting CVar [[s.UseBackgroundLevelStreaming:1]]
[2022.02.14-02.55.25:264][  0]LogConfig: Setting CVar [[s.PriorityAsyncLoadingExtraTime:15.0]]
[2022.02.14-02.55.25:264][  0]LogConfig: Setting CVar [[s.LevelStreamingActorsUpdateTimeLimit:5.0]]
[2022.02.14-02.55.25:264][  0]LogConfig: Setting CVar [[s.PriorityLevelStreamingActorsUpdateExtraTime:5.0]]
[2022.02.14-02.55.25:264][  0]LogConfig: Setting CVar [[s.LevelStreamingComponentsRegistrationGranularity:10]]
[2022.02.14-02.55.25:264][  0]LogConfig: Setting CVar [[s.UnregisterComponentsTimeLimit:1.0]]
[2022.02.14-02.55.25:264][  0]LogConfig: Setting CVar [[s.LevelStreamingComponentsUnregistrationGranularity:5]]
[2022.02.14-02.55.25:265][  0]LogConfig: Setting CVar [[s.FlushStreamingOnExit:1]]
[2022.02.14-02.55.25:265][  0]LogConfig: Applying CVar settings from Section [/Script/Engine.GarbageCollectionSettings] File [C:/Users/conyew2/Desktop/MP1/Saved/Config/Windows/Engine.ini]
[2022.02.14-02.55.25:265][  0]LogConfig: Setting CVar [[gc.MaxObjectsNotConsideredByGC:1]]
[2022.02.14-02.55.25:265][  0]LogConfig: Setting CVar [[gc.SizeOfPermanentObjectPool:0]]
[2022.02.14-02.55.25:265][  0]LogConfig: Setting CVar [[gc.FlushStreamingOnGC:0]]
[2022.02.14-02.55.25:265][  0]LogConfig: Setting CVar [[gc.NumRetriesBeforeForcingGC:10]]
[2022.02.14-02.55.25:265][  0]LogConfig: Setting CVar [[gc.AllowParallelGC:1]]
[2022.02.14-02.55.25:265][  0]LogConfig: Setting CVar [[gc.TimeBetweenPurgingPendingKillObjects:61.1]]
[2022.02.14-02.55.25:265][  0]LogConfig: Setting CVar [[gc.MaxObjectsInEditor:25165824]]
[2022.02.14-02.55.25:265][  0]LogConfig: Setting CVar [[gc.IncrementalBeginDestroyEnabled:1]]
[2022.02.14-02.55.25:265][  0]LogConfig: Setting CVar [[gc.CreateGCClusters:1]]
[2022.02.14-02.55.25:265][  0]LogConfig: Setting CVar [[gc.MinGCClusterSize:5]]
[2022.02.14-02.55.25:265][  0]LogConfig: Setting CVar [[gc.ActorClusteringEnabled:0]]
[2022.02.14-02.55.25:265][  0]LogConfig: Setting CVar [[gc.BlueprintClusteringEnabled:0]]
[2022.02.14-02.55.25:265][  0]LogConfig: Setting CVar [[gc.UseDisregardForGCOnDedicatedServers:0]]
[2022.02.14-02.55.25:265][  0]LogConfig: Setting CVar [[gc.MultithreadedDestructionEnabled:1]]
[2022.02.14-02.55.25:265][  0]LogConfig: Applying CVar settings from Section [/Script/Engine.NetworkSettings] File [C:/Users/conyew2/Desktop/MP1/Saved/Config/Windows/Engine.ini]
[2022.02.14-02.55.25:265][  0]LogConfig: Applying CVar settings from Section [/Script/UnrealEd.CookerSettings] File [C:/Users/conyew2/Desktop/MP1/Saved/Config/Windows/Engine.ini]
[2022.02.14-02.55.25:279][  0]LogConfig: Applying CVar settings from Section [ViewDistanceQuality@3] File [C:/Users/conyew2/Desktop/MP1/Saved/Config/Windows/Scalability.ini]
[2022.02.14-02.55.25:279][  0]LogConfig: Setting CVar [[r.SkeletalMeshLODBias:0]]
[2022.02.14-02.55.25:279][  0]LogConfig: Setting CVar [[r.ViewDistanceScale:1.0]]
[2022.02.14-02.55.25:279][  0]LogConfig: Applying CVar settings from Section [AntiAliasingQuality@3] File [C:/Users/conyew2/Desktop/MP1/Saved/Config/Windows/Scalability.ini]
[2022.02.14-02.55.25:279][  0]LogConfig: Setting CVar [[r.PostProcessAAQuality:4]]
[2022.02.14-02.55.25:279][  0]LogConfig: Applying CVar settings from Section [ShadowQuality@3] File [C:/Users/conyew2/Desktop/MP1/Saved/Config/Windows/Scalability.ini]
[2022.02.14-02.55.25:279][  0]LogConfig: Setting CVar [[r.LightFunctionQuality:1]]
[2022.02.14-02.55.25:279][  0]LogConfig: Setting CVar [[r.ShadowQuality:5]]
[2022.02.14-02.55.25:279][  0]LogConfig: Setting CVar [[r.Shadow.CSM.MaxCascades:10]]
[2022.02.14-02.55.25:279][  0]LogConfig: Setting CVar [[r.Shadow.MaxResolution:2048]]
[2022.02.14-02.55.25:279][  0]LogConfig: Setting CVar [[r.Shadow.MaxCSMResolution:2048]]
[2022.02.14-02.55.25:279][  0]LogConfig: Setting CVar [[r.Shadow.RadiusThreshold:0.01]]
[2022.02.14-02.55.25:279][  0]LogConfig: Setting CVar [[r.Shadow.DistanceScale:1.0]]
[2022.02.14-02.55.25:279][  0]LogConfig: Setting CVar [[r.Shadow.CSM.TransitionScale:1.0]]
[2022.02.14-02.55.25:279][  0]LogConfig: Setting CVar [[r.Shadow.PreShadowResolutionFactor:1.0]]
[2022.02.14-02.55.25:279][  0]LogConfig: Setting CVar [[r.DistanceFieldShadowing:1]]
[2022.02.14-02.55.25:279][  0]LogConfig: Setting CVar [[r.DistanceFieldAO:1]]
[2022.02.14-02.55.25:279][  0]LogConfig: Setting CVar [[r.AOQuality:2]]
[2022.02.14-02.55.25:279][  0]LogConfig: Setting CVar [[r.VolumetricFog:1]]
[2022.02.14-02.55.25:279][  0]LogConfig: Setting CVar [[r.VolumetricFog.GridPixelSize:8]]
[2022.02.14-02.55.25:279][  0]LogConfig: Setting CVar [[r.VolumetricFog.GridSizeZ:128]]
[2022.02.14-02.55.25:279][  0]LogConfig: Setting CVar [[r.VolumetricFog.HistoryMissSupersampleCount:4]]
[2022.02.14-02.55.25:279][  0]LogConfig: Setting CVar [[r.LightMaxDrawDistanceScale:1]]
[2022.02.14-02.55.25:279][  0]LogConfig: Setting CVar [[r.CapsuleShadows:1]]
[2022.02.14-02.55.25:279][  0]LogConfig: Applying CVar settings from Section [PostProcessQuality@3] File [C:/Users/conyew2/Desktop/MP1/Saved/Config/Windows/Scalability.ini]
[2022.02.14-02.55.25:279][  0]LogConfig: Setting CVar [[r.MotionBlurQuality:4]]
[2022.02.14-02.55.25:279][  0]LogConfig: Setting CVar [[r.AmbientOcclusionMipLevelFactor:0.4]]
[2022.02.14-02.55.25:279][  0]LogConfig: Setting CVar [[r.AmbientOcclusionMaxQuality:100]]
[2022.02.14-02.55.25:279][  0]LogConfig: Setting CVar [[r.AmbientOcclusionLevels:-1]]
[2022.02.14-02.55.25:279][  0]LogConfig: Setting CVar [[r.AmbientOcclusionRadiusScale:1.0]]
[2022.02.14-02.55.25:279][  0]LogConfig: Setting CVar [[r.DepthOfFieldQuality:2]]
[2022.02.14-02.55.25:279][  0]LogConfig: Setting CVar [[r.RenderTargetPoolMin:400]]
[2022.02.14-02.55.25:280][  0]LogConfig: Setting CVar [[r.LensFlareQuality:2]]
[2022.02.14-02.55.25:280][  0]LogConfig: Setting CVar [[r.SceneColorFringeQuality:1]]
[2022.02.14-02.55.25:280][  0]LogConfig: Setting CVar [[r.EyeAdaptationQuality:2]]
[2022.02.14-02.55.25:280][  0]LogConfig: Setting CVar [[r.BloomQuality:5]]
[2022.02.14-02.55.25:280][  0]LogConfig: Setting CVar [[r.FastBlurThreshold:100]]
[2022.02.14-02.55.25:280][  0]LogConfig: Setting CVar [[r.Upscale.Quality:3]]
[2022.02.14-02.55.25:280][  0]LogConfig: Setting CVar [[r.Tonemapper.GrainQuantization:1]]
[2022.02.14-02.55.25:280][  0]LogConfig: Setting CVar [[r.LightShaftQuality:1]]
[2022.02.14-02.55.25:280][  0]LogConfig: Setting CVar [[r.Filter.SizeScale:1]]
[2022.02.14-02.55.25:280][  0]LogConfig: Setting CVar [[r.Tonemapper.Quality:5]]
[2022.02.14-02.55.25:280][  0]LogConfig: Setting CVar [[r.DOF.Gather.AccumulatorQuality:1        ; higher gathering accumulator quality]]
[2022.02.14-02.55.25:280][  0]LogConfig: Setting CVar [[r.DOF.Gather.PostfilterMethod:1          ; Median3x3 postfilering method]]
[2022.02.14-02.55.25:280][  0]LogConfig: Setting CVar [[r.DOF.Gather.EnableBokehSettings:0       ; no bokeh simulation when gathering]]
[2022.02.14-02.55.25:280][  0]LogConfig: Setting CVar [[r.DOF.Gather.RingCount:4                 ; medium number of samples when gathering]]
[2022.02.14-02.55.25:280][  0]LogConfig: Setting CVar [[r.DOF.Scatter.ForegroundCompositing:1    ; additive foreground scattering]]
[2022.02.14-02.55.25:280][  0]LogConfig: Setting CVar [[r.DOF.Scatter.BackgroundCompositing:2    ; additive background scattering]]
[2022.02.14-02.55.25:280][  0]LogConfig: Setting CVar [[r.DOF.Scatter.EnableBokehSettings:1      ; bokeh simulation when scattering]]
[2022.02.14-02.55.25:280][  0]LogConfig: Setting CVar [[r.DOF.Scatter.MaxSpriteRatio:0.1         ; only a maximum of 10% of scattered bokeh]]
[2022.02.14-02.55.25:280][  0]LogConfig: Setting CVar [[r.DOF.Recombine.Quality:1                ; cheap slight out of focus]]
[2022.02.14-02.55.25:280][  0]LogConfig: Setting CVar [[r.DOF.Recombine.EnableBokehSettings:0    ; no bokeh simulation on slight out of focus]]
[2022.02.14-02.55.25:280][  0]LogConfig: Setting CVar [[r.DOF.TemporalAAQuality:1                ; more stable temporal accumulation]]
[2022.02.14-02.55.25:280][  0]LogConfig: Setting CVar [[r.DOF.Kernel.MaxForegroundRadius:0.025]]
[2022.02.14-02.55.25:280][  0]LogConfig: Setting CVar [[r.DOF.Kernel.MaxBackgroundRadius:0.025]]
[2022.02.14-02.55.25:280][  0]LogConfig: Applying CVar settings from Section [TextureQuality@3] File [C:/Users/conyew2/Desktop/MP1/Saved/Config/Windows/Scalability.ini]
[2022.02.14-02.55.25:280][  0]LogConfig: Setting CVar [[r.Streaming.MipBias:0]]
[2022.02.14-02.55.25:280][  0]LogConfig: Setting CVar [[r.Streaming.AmortizeCPUToGPUCopy:0]]
[2022.02.14-02.55.25:280][  0]LogConfig: Setting CVar [[r.Streaming.MaxNumTexturesToStreamPerFrame:0]]
[2022.02.14-02.55.25:280][  0]LogConfig: Setting CVar [[r.Streaming.Boost:1]]
[2022.02.14-02.55.25:280][  0]LogConfig: Setting CVar [[r.MaxAnisotropy:8]]
[2022.02.14-02.55.25:280][  0]LogConfig: Setting CVar [[r.VT.MaxAnisotropy:8]]
[2022.02.14-02.55.25:280][  0]LogConfig: Setting CVar [[r.Streaming.LimitPoolSizeToVRAM:0]]
[2022.02.14-02.55.25:280][  0]LogConfig: Setting CVar [[r.Streaming.PoolSize:1000]]
[2022.02.14-02.55.25:280][  0]LogConfig: Setting CVar [[r.Streaming.MaxEffectiveScreenSize:0]]
[2022.02.14-02.55.25:280][  0]LogConfig: Applying CVar settings from Section [EffectsQuality@3] File [C:/Users/conyew2/Desktop/MP1/Saved/Config/Windows/Scalability.ini]
[2022.02.14-02.55.25:280][  0]LogConfig: Setting CVar [[r.TranslucencyLightingVolumeDim:64]]
[2022.02.14-02.55.25:280][  0]LogConfig: Setting CVar [[r.RefractionQuality:2]]
[2022.02.14-02.55.25:280][  0]LogConfig: Setting CVar [[r.SSR.Quality:3]]
[2022.02.14-02.55.25:280][  0]LogConfig: Setting CVar [[r.SSR.HalfResSceneColor:0]]
[2022.02.14-02.55.25:280][  0]LogConfig: Setting CVar [[r.SceneColorFormat:4]]
[2022.02.14-02.55.25:280][  0]LogConfig: Setting CVar [[r.DetailMode:2]]
[2022.02.14-02.55.25:280][  0]LogConfig: Setting CVar [[r.TranslucencyVolumeBlur:1]]
[2022.02.14-02.55.25:280][  0]LogConfig: Setting CVar [[r.MaterialQualityLevel:1 ; High quality]]
[2022.02.14-02.55.25:280][  0]LogConfig: Setting CVar [[r.AnisotropicMaterials:1]]
[2022.02.14-02.55.25:280][  0]LogConfig: Setting CVar [[r.SSS.Scale:1]]
[2022.02.14-02.55.25:280][  0]LogConfig: Setting CVar [[r.SSS.SampleSet:2]]
[2022.02.14-02.55.25:280][  0]LogConfig: Setting CVar [[r.SSS.Quality:1]]
[2022.02.14-02.55.25:280][  0]LogConfig: Setting CVar [[r.SSS.HalfRes:0]]
[2022.02.14-02.55.25:280][  0]LogConfig: Setting CVar [[r.SSGI.Quality:3]]
[2022.02.14-02.55.25:280][  0]LogConfig: Setting CVar [[r.EmitterSpawnRateScale:1.0]]
[2022.02.14-02.55.25:280][  0]LogConfig: Setting CVar [[r.ParticleLightQuality:2]]
[2022.02.14-02.55.25:280][  0]LogConfig: Setting CVar [[r.SkyAtmosphere.AerialPerspectiveLUT.FastApplyOnOpaque:1 ; Always have FastSkyLUT 1 in this case to avoid wrong sky]]
[2022.02.14-02.55.25:280][  0]LogConfig: Setting CVar [[r.SkyAtmosphere.AerialPerspectiveLUT.SampleCountMaxPerSlice:4]]
[2022.02.14-02.55.25:280][  0]LogConfig: Setting CVar [[r.SkyAtmosphere.AerialPerspectiveLUT.DepthResolution:16.0]]
[2022.02.14-02.55.25:280][  0]LogConfig: Setting CVar [[r.SkyAtmosphere.FastSkyLUT:1]]
[2022.02.14-02.55.25:280][  0]LogConfig: Setting CVar [[r.SkyAtmosphere.FastSkyLUT.SampleCountMin:4.0]]
[2022.02.14-02.55.25:280][  0]LogConfig: Setting CVar [[r.SkyAtmosphere.FastSkyLUT.SampleCountMax:128.0]]
[2022.02.14-02.55.25:280][  0]LogConfig: Setting CVar [[r.SkyAtmosphere.SampleCountMin:4.0]]
[2022.02.14-02.55.25:280][  0]LogConfig: Setting CVar [[r.SkyAtmosphere.SampleCountMax:128.0]]
[2022.02.14-02.55.25:280][  0]LogConfig: Setting CVar [[r.SkyAtmosphere.TransmittanceLUT.UseSmallFormat:0]]
[2022.02.14-02.55.25:280][  0]LogConfig: Setting CVar [[r.SkyAtmosphere.TransmittanceLUT.SampleCount:10.0]]
[2022.02.14-02.55.25:280][  0]LogConfig: Setting CVar [[r.SkyAtmosphere.MultiScatteringLUT.SampleCount:15.0]]
[2022.02.14-02.55.25:280][  0]LogConfig: Setting CVar [[r.SkyLight.RealTimeReflectionCapture:1]]
[2022.02.14-02.55.25:280][  0]LogConfig: Applying CVar settings from Section [FoliageQuality@3] File [C:/Users/conyew2/Desktop/MP1/Saved/Config/Windows/Scalability.ini]
[2022.02.14-02.55.25:280][  0]LogConfig: Setting CVar [[foliage.DensityScale:1.0]]
[2022.02.14-02.55.25:280][  0]LogConfig: Setting CVar [[grass.DensityScale:1.0]]
[2022.02.14-02.55.25:280][  0]LogConfig: Applying CVar settings from Section [ShadingQuality@3] File [C:/Users/conyew2/Desktop/MP1/Saved/Config/Windows/Scalability.ini]
[2022.02.14-02.55.25:280][  0]LogConfig: Setting CVar [[r.HairStrands.SkyLighting.IntegrationType:2]]
[2022.02.14-02.55.25:280][  0]LogConfig: Setting CVar [[r.HairStrands.SkyAO.SampleCount:4]]
[2022.02.14-02.55.25:280][  0]LogConfig: Setting CVar [[r.HairStrands.Visibility.MSAA.SamplePerPixel:4]]
[2022.02.14-02.55.25:280][  0]LogInit: Selected Device Profile: [Windows]
[2022.02.14-02.55.25:280][  0]LogInit: Applying CVar settings loaded from the selected device profile: [Windows]
[2022.02.14-02.55.25:280][  0]LogHAL: Display: Platform has ~ 16 GB [17098403840 / 17179869184 / 16], which maps to Larger [LargestMinGB=32, LargerMinGB=12, DefaultMinGB=8, SmallerMinGB=6, SmallestMinGB=0)
[2022.02.14-02.55.25:281][  0]LogInit: Going up to parent DeviceProfile []
[2022.02.14-02.55.25:281][  0]LogConfig: Applying CVar settings from Section [ViewDistanceQuality@3] File [C:/Users/conyew2/Desktop/MP1/Saved/Config/Windows/Scalability.ini]
[2022.02.14-02.55.25:281][  0]LogConfig: Setting CVar [[r.SkeletalMeshLODBias:0]]
[2022.02.14-02.55.25:281][  0]LogConfig: Setting CVar [[r.ViewDistanceScale:1.0]]
[2022.02.14-02.55.25:281][  0]LogConfig: Applying CVar settings from Section [AntiAliasingQuality@3] File [C:/Users/conyew2/Desktop/MP1/Saved/Config/Windows/Scalability.ini]
[2022.02.14-02.55.25:281][  0]LogConfig: Setting CVar [[r.PostProcessAAQuality:4]]
[2022.02.14-02.55.25:281][  0]LogConfig: Applying CVar settings from Section [ShadowQuality@3] File [C:/Users/conyew2/Desktop/MP1/Saved/Config/Windows/Scalability.ini]
[2022.02.14-02.55.25:281][  0]LogConfig: Setting CVar [[r.LightFunctionQuality:1]]
[2022.02.14-02.55.25:281][  0]LogConfig: Setting CVar [[r.ShadowQuality:5]]
[2022.02.14-02.55.25:281][  0]LogConfig: Setting CVar [[r.Shadow.CSM.MaxCascades:10]]
[2022.02.14-02.55.25:281][  0]LogConfig: Setting CVar [[r.Shadow.MaxResolution:2048]]
[2022.02.14-02.55.25:281][  0]LogConfig: Setting CVar [[r.Shadow.MaxCSMResolution:2048]]
[2022.02.14-02.55.25:281][  0]LogConfig: Setting CVar [[r.Shadow.RadiusThreshold:0.01]]
[2022.02.14-02.55.25:281][  0]LogConfig: Setting CVar [[r.Shadow.DistanceScale:1.0]]
[2022.02.14-02.55.25:281][  0]LogConfig: Setting CVar [[r.Shadow.CSM.TransitionScale:1.0]]
[2022.02.14-02.55.25:281][  0]LogConfig: Setting CVar [[r.Shadow.PreShadowResolutionFactor:1.0]]
[2022.02.14-02.55.25:281][  0]LogConfig: Setting CVar [[r.DistanceFieldShadowing:1]]
[2022.02.14-02.55.25:281][  0]LogConfig: Setting CVar [[r.DistanceFieldAO:1]]
[2022.02.14-02.55.25:281][  0]LogConfig: Setting CVar [[r.AOQuality:2]]
[2022.02.14-02.55.25:281][  0]LogConfig: Setting CVar [[r.VolumetricFog:1]]
[2022.02.14-02.55.25:281][  0]LogConfig: Setting CVar [[r.VolumetricFog.GridPixelSize:8]]
[2022.02.14-02.55.25:281][  0]LogConfig: Setting CVar [[r.VolumetricFog.GridSizeZ:128]]
[2022.02.14-02.55.25:281][  0]LogConfig: Setting CVar [[r.VolumetricFog.HistoryMissSupersampleCount:4]]
[2022.02.14-02.55.25:281][  0]LogConfig: Setting CVar [[r.LightMaxDrawDistanceScale:1]]
[2022.02.14-02.55.25:281][  0]LogConfig: Setting CVar [[r.CapsuleShadows:1]]
[2022.02.14-02.55.25:281][  0]LogConfig: Applying CVar settings from Section [PostProcessQuality@3] File [C:/Users/conyew2/Desktop/MP1/Saved/Config/Windows/Scalability.ini]
[2022.02.14-02.55.25:281][  0]LogConfig: Setting CVar [[r.MotionBlurQuality:4]]
[2022.02.14-02.55.25:281][  0]LogConfig: Setting CVar [[r.AmbientOcclusionMipLevelFactor:0.4]]
[2022.02.14-02.55.25:281][  0]LogConfig: Setting CVar [[r.AmbientOcclusionMaxQuality:100]]
[2022.02.14-02.55.25:281][  0]LogConfig: Setting CVar [[r.AmbientOcclusionLevels:-1]]
[2022.02.14-02.55.25:281][  0]LogConfig: Setting CVar [[r.AmbientOcclusionRadiusScale:1.0]]
[2022.02.14-02.55.25:281][  0]LogConfig: Setting CVar [[r.DepthOfFieldQuality:2]]
[2022.02.14-02.55.25:281][  0]LogConfig: Setting CVar [[r.RenderTargetPoolMin:400]]
[2022.02.14-02.55.25:281][  0]LogConfig: Setting CVar [[r.LensFlareQuality:2]]
[2022.02.14-02.55.25:281][  0]LogConfig: Setting CVar [[r.SceneColorFringeQuality:1]]
[2022.02.14-02.55.25:281][  0]LogConfig: Setting CVar [[r.EyeAdaptationQuality:2]]
[2022.02.14-02.55.25:281][  0]LogConfig: Setting CVar [[r.BloomQuality:5]]
[2022.02.14-02.55.25:281][  0]LogConfig: Setting CVar [[r.FastBlurThreshold:100]]
[2022.02.14-02.55.25:281][  0]LogConfig: Setting CVar [[r.Upscale.Quality:3]]
[2022.02.14-02.55.25:281][  0]LogConfig: Setting CVar [[r.Tonemapper.GrainQuantization:1]]
[2022.02.14-02.55.25:281][  0]LogConfig: Setting CVar [[r.LightShaftQuality:1]]
[2022.02.14-02.55.25:281][  0]LogConfig: Setting CVar [[r.Filter.SizeScale:1]]
[2022.02.14-02.55.25:281][  0]LogConfig: Setting CVar [[r.Tonemapper.Quality:5]]
[2022.02.14-02.55.25:281][  0]LogConfig: Setting CVar [[r.DOF.Gather.AccumulatorQuality:1        ; higher gathering accumulator quality]]
[2022.02.14-02.55.25:281][  0]LogConfig: Setting CVar [[r.DOF.Gather.PostfilterMethod:1          ; Median3x3 postfilering method]]
[2022.02.14-02.55.25:281][  0]LogConfig: Setting CVar [[r.DOF.Gather.EnableBokehSettings:0       ; no bokeh simulation when gathering]]
[2022.02.14-02.55.25:281][  0]LogConfig: Setting CVar [[r.DOF.Gather.RingCount:4                 ; medium number of samples when gathering]]
[2022.02.14-02.55.25:281][  0]LogConfig: Setting CVar [[r.DOF.Scatter.ForegroundCompositing:1    ; additive foreground scattering]]
[2022.02.14-02.55.25:281][  0]LogConfig: Setting CVar [[r.DOF.Scatter.BackgroundCompositing:2    ; additive background scattering]]
[2022.02.14-02.55.25:281][  0]LogConfig: Setting CVar [[r.DOF.Scatter.EnableBokehSettings:1      ; bokeh simulation when scattering]]
[2022.02.14-02.55.25:281][  0]LogConfig: Setting CVar [[r.DOF.Scatter.MaxSpriteRatio:0.1         ; only a maximum of 10% of scattered bokeh]]
[2022.02.14-02.55.25:281][  0]LogConfig: Setting CVar [[r.DOF.Recombine.Quality:1                ; cheap slight out of focus]]
[2022.02.14-02.55.25:281][  0]LogConfig: Setting CVar [[r.DOF.Recombine.EnableBokehSettings:0    ; no bokeh simulation on slight out of focus]]
[2022.02.14-02.55.25:281][  0]LogConfig: Setting CVar [[r.DOF.TemporalAAQuality:1                ; more stable temporal accumulation]]
[2022.02.14-02.55.25:281][  0]LogConfig: Setting CVar [[r.DOF.Kernel.MaxForegroundRadius:0.025]]
[2022.02.14-02.55.25:281][  0]LogConfig: Setting CVar [[r.DOF.Kernel.MaxBackgroundRadius:0.025]]
[2022.02.14-02.55.25:281][  0]LogConfig: Applying CVar settings from Section [TextureQuality@3] File [C:/Users/conyew2/Desktop/MP1/Saved/Config/Windows/Scalability.ini]
[2022.02.14-02.55.25:281][  0]LogConfig: Setting CVar [[r.Streaming.MipBias:0]]
[2022.02.14-02.55.25:281][  0]LogConfig: Setting CVar [[r.Streaming.AmortizeCPUToGPUCopy:0]]
[2022.02.14-02.55.25:281][  0]LogConfig: Setting CVar [[r.Streaming.MaxNumTexturesToStreamPerFrame:0]]
[2022.02.14-02.55.25:281][  0]LogConfig: Setting CVar [[r.Streaming.Boost:1]]
[2022.02.14-02.55.25:281][  0]LogConfig: Setting CVar [[r.MaxAnisotropy:8]]
[2022.02.14-02.55.25:281][  0]LogConfig: Setting CVar [[r.VT.MaxAnisotropy:8]]
[2022.02.14-02.55.25:281][  0]LogConfig: Setting CVar [[r.Streaming.LimitPoolSizeToVRAM:0]]
[2022.02.14-02.55.25:281][  0]LogConfig: Setting CVar [[r.Streaming.PoolSize:1000]]
[2022.02.14-02.55.25:281][  0]LogConfig: Setting CVar [[r.Streaming.MaxEffectiveScreenSize:0]]
[2022.02.14-02.55.25:281][  0]LogConfig: Applying CVar settings from Section [EffectsQuality@3] File [C:/Users/conyew2/Desktop/MP1/Saved/Config/Windows/Scalability.ini]
[2022.02.14-02.55.25:281][  0]LogConfig: Setting CVar [[r.TranslucencyLightingVolumeDim:64]]
[2022.02.14-02.55.25:281][  0]LogConfig: Setting CVar [[r.RefractionQuality:2]]
[2022.02.14-02.55.25:281][  0]LogConfig: Setting CVar [[r.SSR.Quality:3]]
[2022.02.14-02.55.25:281][  0]LogConfig: Setting CVar [[r.SSR.HalfResSceneColor:0]]
[2022.02.14-02.55.25:281][  0]LogConfig: Setting CVar [[r.SceneColorFormat:4]]
[2022.02.14-02.55.25:281][  0]LogConfig: Setting CVar [[r.DetailMode:2]]
[2022.02.14-02.55.25:281][  0]LogConfig: Setting CVar [[r.TranslucencyVolumeBlur:1]]
[2022.02.14-02.55.25:281][  0]LogConfig: Setting CVar [[r.MaterialQualityLevel:1 ; High quality]]
[2022.02.14-02.55.25:281][  0]LogConfig: Setting CVar [[r.AnisotropicMaterials:1]]
[2022.02.14-02.55.25:281][  0]LogConfig: Setting CVar [[r.SSS.Scale:1]]
[2022.02.14-02.55.25:281][  0]LogConfig: Setting CVar [[r.SSS.SampleSet:2]]
[2022.02.14-02.55.25:282][  0]LogConfig: Setting CVar [[r.SSS.Quality:1]]
[2022.02.14-02.55.25:282][  0]LogConfig: Setting CVar [[r.SSS.HalfRes:0]]
[2022.02.14-02.55.25:282][  0]LogConfig: Setting CVar [[r.SSGI.Quality:3]]
[2022.02.14-02.55.25:282][  0]LogConfig: Setting CVar [[r.EmitterSpawnRateScale:1.0]]
[2022.02.14-02.55.25:282][  0]LogConfig: Setting CVar [[r.ParticleLightQuality:2]]
[2022.02.14-02.55.25:282][  0]LogConfig: Setting CVar [[r.SkyAtmosphere.AerialPerspectiveLUT.FastApplyOnOpaque:1 ; Always have FastSkyLUT 1 in this case to avoid wrong sky]]
[2022.02.14-02.55.25:282][  0]LogConfig: Setting CVar [[r.SkyAtmosphere.AerialPerspectiveLUT.SampleCountMaxPerSlice:4]]
[2022.02.14-02.55.25:282][  0]LogConfig: Setting CVar [[r.SkyAtmosphere.AerialPerspectiveLUT.DepthResolution:16.0]]
[2022.02.14-02.55.25:282][  0]LogConfig: Setting CVar [[r.SkyAtmosphere.FastSkyLUT:1]]
[2022.02.14-02.55.25:282][  0]LogConfig: Setting CVar [[r.SkyAtmosphere.FastSkyLUT.SampleCountMin:4.0]]
[2022.02.14-02.55.25:282][  0]LogConfig: Setting CVar [[r.SkyAtmosphere.FastSkyLUT.SampleCountMax:128.0]]
[2022.02.14-02.55.25:282][  0]LogConfig: Setting CVar [[r.SkyAtmosphere.SampleCountMin:4.0]]
[2022.02.14-02.55.25:282][  0]LogConfig: Setting CVar [[r.SkyAtmosphere.SampleCountMax:128.0]]
[2022.02.14-02.55.25:282][  0]LogConfig: Setting CVar [[r.SkyAtmosphere.TransmittanceLUT.UseSmallFormat:0]]
[2022.02.14-02.55.25:282][  0]LogConfig: Setting CVar [[r.SkyAtmosphere.TransmittanceLUT.SampleCount:10.0]]
[2022.02.14-02.55.25:282][  0]LogConfig: Setting CVar [[r.SkyAtmosphere.MultiScatteringLUT.SampleCount:15.0]]
[2022.02.14-02.55.25:282][  0]LogConfig: Setting CVar [[r.SkyLight.RealTimeReflectionCapture:1]]
[2022.02.14-02.55.25:282][  0]LogConfig: Applying CVar settings from Section [FoliageQuality@3] File [C:/Users/conyew2/Desktop/MP1/Saved/Config/Windows/Scalability.ini]
[2022.02.14-02.55.25:282][  0]LogConfig: Setting CVar [[foliage.DensityScale:1.0]]
[2022.02.14-02.55.25:282][  0]LogConfig: Setting CVar [[grass.DensityScale:1.0]]
[2022.02.14-02.55.25:282][  0]LogConfig: Applying CVar settings from Section [ShadingQuality@3] File [C:/Users/conyew2/Desktop/MP1/Saved/Config/Windows/Scalability.ini]
[2022.02.14-02.55.25:282][  0]LogConfig: Setting CVar [[r.HairStrands.SkyLighting.IntegrationType:2]]
[2022.02.14-02.55.25:282][  0]LogConfig: Setting CVar [[r.HairStrands.SkyAO.SampleCount:4]]
[2022.02.14-02.55.25:282][  0]LogConfig: Setting CVar [[r.HairStrands.Visibility.MSAA.SamplePerPixel:4]]
[2022.02.14-02.55.25:282][  0]LogConfig: Applying CVar settings from Section [Startup] File [../../../Engine/Config/ConsoleVariables.ini]
[2022.02.14-02.55.25:282][  0]LogConfig: Setting CVar [[net.UseAdaptiveNetUpdateFrequency:0]]
[2022.02.14-02.55.25:282][  0]LogConfig: Setting CVar [[p.chaos.AllowCreatePhysxBodies:1]]
[2022.02.14-02.55.25:282][  0]LogConfig: Setting CVar [[fx.SkipVectorVMBackendOptimizations:1]]
[2022.02.14-02.55.25:282][  0]LogConfig: Applying CVar settings from Section [ConsoleVariables] File [C:/Users/conyew2/Desktop/MP1/Saved/Config/Windows/Engine.ini]
[2022.02.14-02.55.25:282][  0]LogConfig: Applying CVar settings from Section [ConsoleVariables] File [C:/Users/conyew2/Desktop/MP1/Saved/Config/Windows/Editor.ini]
[2022.02.14-02.55.25:282][  0]LogInit: Computer: SIEBL-4107-20
[2022.02.14-02.55.25:282][  0]LogInit: User: conyew2
[2022.02.14-02.55.25:282][  0]LogInit: CPU Page size=4096, Cores=4
[2022.02.14-02.55.25:282][  0]LogInit: High frequency timer resolution =10.000000 MHz
[2022.02.14-02.55.25:282][  0]LogMemory: Memory total: Physical=15.9GB (16GB approx)
[2022.02.14-02.55.25:282][  0]LogMemory: Platform Memory Stats for Windows
[2022.02.14-02.55.25:282][  0]LogMemory: Process Physical Memory: 142.79 MB used, 142.80 MB peak
[2022.02.14-02.55.25:282][  0]LogMemory: Process Virtual Memory: 128.62 MB used, 128.62 MB peak
[2022.02.14-02.55.25:282][  0]LogMemory: Physical Memory: 7421.86 MB used,  8884.45 MB free, 16306.31 MB total
[2022.02.14-02.55.25:282][  0]LogMemory: Virtual Memory: 134208200.00 MB used,  9528.93 MB free, 134217728.00 MB total
[2022.02.14-02.55.25:291][  0]LogWindows: WindowsPlatformFeatures enabled
[2022.02.14-02.55.25:330][  0]LogInit: Physics initialised using underlying interface: PhysX
[2022.02.14-02.55.25:331][  0]LogInit: Using OS detected language (en-US).
[2022.02.14-02.55.25:331][  0]LogInit: Using OS detected locale (en-US).
[2022.02.14-02.55.25:336][  0]LogTextLocalizationManager: No specific localization for 'en-US' exists, so the 'en' localization will be used.
[2022.02.14-02.55.25:632][  0]LogInit: Setting process to per monitor DPI aware
[2022.02.14-02.55.25:653][  0]LogWindowsTextInputMethodSystem: Display: IME system deactivated.
[2022.02.14-02.55.25:674][  0]LogSlate: New Slate User Created.  User Index 0, Is Virtual User: 0
[2022.02.14-02.55.25:674][  0]LogSlate: Slate User Registered.  User Index 0, Is Virtual User: 0
[2022.02.14-02.55.25:902][  0]LogD3D11RHI: Loaded GFSDK_Aftermath_Lib.x64.dll
[2022.02.14-02.55.25:906][  0]LogHMD: Failed to initialize OpenVR with code 110
[2022.02.14-02.55.25:906][  0]LogD3D11RHI: D3D11 min allowed feature level: 11_0
[2022.02.14-02.55.25:906][  0]LogD3D11RHI: D3D11 max allowed feature level: 11_0
[2022.02.14-02.55.25:906][  0]LogD3D11RHI: D3D11 adapters:
[2022.02.14-02.55.26:015][  0]LogD3D11RHI:    0. 'NVIDIA GeForce GTX 1080' (Feature Level 11_0)
[2022.02.14-02.55.26:015][  0]LogD3D11RHI:       8079/0/8153 MB DedicatedVideo/DedicatedSystem/SharedSystem, Outputs:2, VendorId:0x10de
[2022.02.14-02.55.26:018][  0]LogD3D11RHI:    1. 'Microsoft Basic Render Driver' (Feature Level 11_0)
[2022.02.14-02.55.26:018][  0]LogD3D11RHI:       0/0/8153 MB DedicatedVideo/DedicatedSystem/SharedSystem, Outputs:0, VendorId:0x1414
[2022.02.14-02.55.26:018][  0]LogD3D11RHI: Chosen D3D11 Adapter:
[2022.02.14-02.55.26:018][  0]LogD3D11RHI:     Description : NVIDIA GeForce GTX 1080
[2022.02.14-02.55.26:018][  0]LogD3D11RHI:     VendorId    : 10de
[2022.02.14-02.55.26:018][  0]LogD3D11RHI:     DeviceId    : 1b80
[2022.02.14-02.55.26:018][  0]LogD3D11RHI:     SubSysId    : 142519da
[2022.02.14-02.55.26:018][  0]LogD3D11RHI:     Revision    : 00a1
[2022.02.14-02.55.26:018][  0]LogD3D11RHI:     DedicatedVideoMemory : 8471445504 bytes
[2022.02.14-02.55.26:018][  0]LogD3D11RHI:     DedicatedSystemMemory : 0 bytes
[2022.02.14-02.55.26:018][  0]LogD3D11RHI:     SharedSystemMemory : 8549201920 bytes
[2022.02.14-02.55.26:018][  0]LogD3D11RHI:     AdapterLuid : 0 113713
[2022.02.14-02.55.26:024][  0]LogD3D11RHI: Creating new Direct3DDevice
[2022.02.14-02.55.26:024][  0]LogD3D11RHI:     GPU DeviceId: 0x1b80 (for the marketing name, search the web for "GPU Device Id")
[2022.02.14-02.55.26:024][  0]LogWindows: EnumDisplayDevices:
[2022.02.14-02.55.26:024][  0]LogWindows:    0. 'NVIDIA GeForce GTX 1080' (P:1 D:1)
[2022.02.14-02.55.26:024][  0]LogWindows:    1. 'NVIDIA GeForce GTX 1080' (P:0 D:1)
[2022.02.14-02.55.26:025][  0]LogWindows:    2. 'NVIDIA GeForce GTX 1080' (P:0 D:0)
[2022.02.14-02.55.26:025][  0]LogWindows:    3. 'NVIDIA GeForce GTX 1080' (P:0 D:0)
[2022.02.14-02.55.26:025][  0]LogWindows: DebugString: FoundDriverCount:4 
[2022.02.14-02.55.26:025][  0]LogD3D11RHI:     Adapter Name: NVIDIA GeForce GTX 1080
[2022.02.14-02.55.26:025][  0]LogD3D11RHI:   Driver Version: 456.71 (internal:27.21.14.5671, unified:456.71)
[2022.02.14-02.55.26:026][  0]LogD3D11RHI:      Driver Date: 9-30-2020
[2022.02.14-02.55.26:026][  0]LogRHI: Texture pool is 5655 MB (70% of 8079 MB)
[2022.02.14-02.55.26:026][  0]LogD3D11RHI: Creating D3DDevice using adapter:
[2022.02.14-02.55.26:026][  0]LogD3D11RHI:     Description : NVIDIA GeForce GTX 1080
[2022.02.14-02.55.26:026][  0]LogD3D11RHI:     VendorId    : 10de
[2022.02.14-02.55.26:026][  0]LogD3D11RHI:     DeviceId    : 1b80
[2022.02.14-02.55.26:026][  0]LogD3D11RHI:     SubSysId    : 142519da
[2022.02.14-02.55.26:026][  0]LogD3D11RHI:     Revision    : 00a1
[2022.02.14-02.55.26:026][  0]LogD3D11RHI:     DedicatedVideoMemory : 8471445504 bytes
[2022.02.14-02.55.26:026][  0]LogD3D11RHI:     DedicatedSystemMemory : 0 bytes
[2022.02.14-02.55.26:026][  0]LogD3D11RHI:     SharedSystemMemory : 8549201920 bytes
[2022.02.14-02.55.26:026][  0]LogD3D11RHI:     AdapterLuid : 0 113713
[2022.02.14-02.55.26:092][  0]LogD3D11RHI: RHI has support for 64 bit atomics
[2022.02.14-02.55.26:092][  0]LogD3D11RHI: Async texture creation enabled
[2022.02.14-02.55.26:092][  0]LogD3D11RHI: Array index from any shader is supported
[2022.02.14-02.55.26:112][  0]LogD3D11RHI: GPU Timing Frequency: 1000.000000 (Debug: 2 1)
[2022.02.14-02.55.26:176][  0]LogRHI: GeForceNow SDK initialized: 1
[2022.02.14-02.55.26:606][  0]LogTargetPlatformManager: Display: Loaded TargetPlatform 'AllDesktop'
[2022.02.14-02.55.26:631][  0]LogTargetPlatformManager: Display: Loaded TargetPlatform 'Android'
[2022.02.14-02.55.26:631][  0]LogTargetPlatformManager: Display: Loaded TargetPlatform 'Android_ASTC'
[2022.02.14-02.55.26:631][  0]LogTargetPlatformManager: Display: Loaded TargetPlatform 'Android_DXT'
[2022.02.14-02.55.26:631][  0]LogTargetPlatformManager: Display: Loaded TargetPlatform 'Android_ETC2'
[2022.02.14-02.55.26:631][  0]LogTargetPlatformManager: Display: Loaded TargetPlatform 'AndroidClient'
[2022.02.14-02.55.26:631][  0]LogTargetPlatformManager: Display: Loaded TargetPlatform 'Android_ASTCClient'
[2022.02.14-02.55.26:631][  0]LogTargetPlatformManager: Display: Loaded TargetPlatform 'Android_DXTClient'
[2022.02.14-02.55.26:631][  0]LogTargetPlatformManager: Display: Loaded TargetPlatform 'Android_ETC2Client'
[2022.02.14-02.55.26:631][  0]LogTargetPlatformManager: Display: Loaded TargetPlatform 'Android_Multi'
[2022.02.14-02.55.26:631][  0]LogTargetPlatformManager: Display: Loaded TargetPlatform 'Android_MultiClient'
[2022.02.14-02.55.26:654][  0]LogTargetPlatformManager: Display: Loaded TargetPlatform 'IOSClient'
[2022.02.14-02.55.26:654][  0]LogTargetPlatformManager: Display: Loaded TargetPlatform 'IOS'
[2022.02.14-02.55.26:666][  0]LogTargetPlatformManager: Display: Loaded TargetPlatform 'Linux'
[2022.02.14-02.55.26:672][  0]LogTargetPlatformManager: Display: Loaded TargetPlatform 'LinuxNoEditor'
[2022.02.14-02.55.26:678][  0]LogTargetPlatformManager: Display: Loaded TargetPlatform 'LinuxClient'
[2022.02.14-02.55.26:684][  0]LogTargetPlatformManager: Display: Loaded TargetPlatform 'LinuxServer'
[2022.02.14-02.55.26:695][  0]LogTargetPlatformManager: Display: Loaded TargetPlatform 'LinuxAArch64NoEditor'
[2022.02.14-02.55.26:701][  0]LogTargetPlatformManager: Display: Loaded TargetPlatform 'LinuxAArch64Client'
[2022.02.14-02.55.26:707][  0]LogTargetPlatformManager: Display: Loaded TargetPlatform 'LinuxAArch64Server'
[2022.02.14-02.55.26:735][  0]LogTargetPlatformManager: Display: Loaded TargetPlatform 'Lumin'
[2022.02.14-02.55.26:735][  0]LogTargetPlatformManager: Display: Loaded TargetPlatform 'LuminClient'
[2022.02.14-02.55.26:746][  0]LogTargetPlatformManager: Display: Loaded TargetPlatform 'MacNoEditor'
[2022.02.14-02.55.26:752][  0]LogTargetPlatformManager: Display: Loaded TargetPlatform 'Mac'
[2022.02.14-02.55.26:758][  0]LogTargetPlatformManager: Display: Loaded TargetPlatform 'MacClient'
[2022.02.14-02.55.26:763][  0]LogTargetPlatformManager: Display: Loaded TargetPlatform 'MacServer'
[2022.02.14-02.55.26:776][  0]LogTargetPlatformManager: Display: Loaded TargetPlatform 'TVOSClient'
[2022.02.14-02.55.26:776][  0]LogTargetPlatformManager: Display: Loaded TargetPlatform 'TVOS'
[2022.02.14-02.55.26:787][  0]LogTargetPlatformManager: Display: Loaded TargetPlatform 'WindowsNoEditor'
[2022.02.14-02.55.26:793][  0]LogTargetPlatformManager: Display: Loaded TargetPlatform 'Windows'
[2022.02.14-02.55.26:799][  0]LogTargetPlatformManager: Display: Loaded TargetPlatform 'WindowsClient'
[2022.02.14-02.55.26:805][  0]LogTargetPlatformManager: Display: Loaded TargetPlatform 'WindowsServer'
[2022.02.14-02.55.26:805][  0]LogTargetPlatformManager: Display: Building Assets For Windows
[2022.02.14-02.55.26:818][  0]LogAudioDebug: Display: Lib vorbis DLL was dynamically loaded.
[2022.02.14-02.55.26:870][  0]LogTextureFormatOodle: Display: Oodle Texture 2.9.0 init RDO Off
[2022.02.14-02.55.26:921][  0]LogRendererCore: Ray tracing is disabled. Reason: r.RayTracing=0.
[2022.02.14-02.55.26:921][  0]LogShaderCompilers: Guid format shader working directory is 5 characters bigger than the processId version (../../../../../../Users/conyew2/Desktop/MP1/Intermediate/Shaders/WorkingDirectory/8028/).
[2022.02.14-02.55.26:921][  0]LogShaderCompilers: Cleaned the shader compiler working directory 'C:/Users/conyew2/AppData/Local/Temp/UnrealShaderWorkingDir/3377CF734B3C8ADE5E95D89CD33B4ACA/'.
[2022.02.14-02.55.26:922][  0]LogXGEController: Cannot use XGE Controller as Incredibuild is not installed on this machine.
[2022.02.14-02.55.26:922][  0]LogShaderCompilers: Cannot use XGE Shader Compiler as Incredibuild is not installed on this machine.
[2022.02.14-02.55.26:922][  0]LogShaderCompilers: Display: Using Local Shader Compiler.
[2022.02.14-02.55.27:778][  0]LogDerivedDataCache: Display: Max Cache Size: 512 MB
[2022.02.14-02.55.27:850][  0]LogDerivedDataCache: Loaded boot cache 0.07s 96MB C:/Users/conyew2/AppData/Local/UnrealEngine/4.27/DerivedDataCache/Boot.ddc.
[2022.02.14-02.55.27:850][  0]LogDerivedDataCache: Display: Loaded Boot cache: C:/Users/conyew2/AppData/Local/UnrealEngine/4.27/DerivedDataCache/Boot.ddc
[2022.02.14-02.55.27:850][  0]LogDerivedDataCache: FDerivedDataBackendGraph:  Pak pak cache file ../../../../../../Users/conyew2/Desktop/MP1/DerivedDataCache/DDC.ddp not found, will not use a pak cache.
[2022.02.14-02.55.27:850][  0]LogDerivedDataCache: Unable to find inner node Pak for hierarchical cache Hierarchy.
[2022.02.14-02.55.27:850][  0]LogDerivedDataCache: FDerivedDataBackendGraph:  CompressedPak pak cache file ../../../../../../Users/conyew2/Desktop/MP1/DerivedDataCache/Compressed.ddp not found, will not use a pak cache.
[2022.02.14-02.55.27:850][  0]LogDerivedDataCache: Unable to find inner node CompressedPak for hierarchical cache Hierarchy.
[2022.02.14-02.55.27:868][  0]LogDerivedDataCache: Display: Pak cache opened for reading ../../../Engine/DerivedDataCache/Compressed.ddp.
[2022.02.14-02.55.27:868][  0]LogDerivedDataCache: FDerivedDataBackendGraph:  EnterprisePak pak cache file ../../../Enterprise/DerivedDataCache/Compressed.ddp not found, will not use a pak cache.
[2022.02.14-02.55.27:868][  0]LogDerivedDataCache: Unable to find inner node EnterprisePak for hierarchical cache Hierarchy.
[2022.02.14-02.55.27:885][  0]LogDerivedDataCache: Speed tests for C:/Users/conyew2/AppData/Local/UnrealEngine/Common/DerivedDataCache took 0.02 seconds
[2022.02.14-02.55.27:885][  0]LogDerivedDataCache: Display: Performance to C:/Users/conyew2/AppData/Local/UnrealEngine/Common/DerivedDataCache: Latency=0.03ms. RandomReadSpeed=472.33MBs, RandomWriteSpeed=62.80MBs. Assigned SpeedClass 'Local'
[2022.02.14-02.55.27:886][  0]LogDerivedDataCache: Using Local data cache path C:/Users/conyew2/AppData/Local/UnrealEngine/Common/DerivedDataCache: Writable
[2022.02.14-02.55.27:886][  0]LogDerivedDataCache: Shared data cache path not found in *engine.ini, will not use an Shared cache.
[2022.02.14-02.55.27:886][  0]LogDerivedDataCache: Unable to find inner node Shared for hierarchical cache Hierarchy.
[2022.02.14-02.55.27:936][  0]LogSlate: Using FreeType 2.10.0
[2022.02.14-02.55.27:937][  0]LogSlate: SlateFontServices - WITH_FREETYPE: 1, WITH_HARFBUZZ: 1
[2022.02.14-02.55.27:969][  0]LogAssetRegistry: FAssetRegistry took 0.0031 seconds to start up
[2022.02.14-02.55.28:232][  0]LogInit: Selected Device Profile: [Windows]
[2022.02.14-02.55.28:233][  0]LogInit: Active device profile: [0000015855120D00][000001584C0E9BC0 49] Windows
[2022.02.14-02.55.28:233][  0]LogInit: Profiles: [0000015855120D00][000001584C0E9BC0 49] Windows, [00000158550EE300][000001585486C1C0 49] WindowsNoEditor, [0000015855121C00][0000015854870340 49] WindowsServer, [00000158550EF100][00000158548744C0 49] WindowsClient, [0000015855122900][000001584C0EC600 49] IOS, [00000158550EDA00][0000015854878740 49] iPadAir, [0000015855123E00][000001585487C880 49] iPadAir2, [0000015855095000][0000015854888B00 49] IPadPro, [0000015855095100][0000015854880B40 49] iPadAir3, [00000158550ECC00][000001585488CCC0 49] iPadAir4, [0000015855095D00][0000015854890E40 49] iPadMini2, [00000158550EF300][0000015854894FC0 49] iPadMini3, [0000015855097800][0000015854899140 49] iPadMini4, [00000158550ED000][000001585489D2C0 49] iPadMini5, [000001585509CA00][00000158548A5580 49] iPhone6, [000001585509CB00][00000158548A15C0 49] iPodTouch6, [0000015855122D00][00000158548AD880 49] iPhone7, [0000015855122E00][00000158548A98C0 49] iPodTouch7, [0000015855096300][00000158548B1A40 49] iPhone5S, [0000015855121000][00000158548B5BC0 49] iPhone6Plus, [000001585509C100][00000158548B81C0 49] iPhone6S, [0000015855094300][00000158548BC340 49] iPhone6SPlus, [000001585509E900][000001584C2B64C0 49] iPhone7Plus, [0000015855096100][000001584C2BA640 49] iPhoneSE, [000001585509E700][0000015854884780 49] iPhone8, [0000015855094700][000001584C2BE8C0 49] iPhone8Plus, [000001585509F200][000001584C2C2A00 49] iPhoneX, [0000015855121500][000001584C2C6B40 49] iPhoneXS, [000001585509EC00][000001584C2CECC0 49] iPhoneXSMax, [0000015855121A00][000001584C2D2E40 49] iPhoneXR, [000001585509C600][000001584C2D6FC0 49] iPhone11, [0000015855122A00][000001584C2DB140 49] iPhone11Pro, [000001585509DB00][000001584C2DF2C0 49] iPhone11ProMax, [0000015855120F00][000001584C2E3440 49] iPhoneSE2, [000001585509FB00][000001584C2E75C0 49] iPhone12Mini, [0000015855122300][000001584C2EB740 49] iPhone12, [000001585509CC00][000001584C2EF8C0 49] iPhone12Pro, [0000015855123F00][000001584C2F3A40 49] iPhone12ProMax, [000001585509D600][000001584C2F7BC0 49] iPadPro105, [0000015855120900][000001584C2FA1C0 49] iPadPro129, [000001585509FE00][000001584C2FE340 49] iPadPro97, [0000015855123700][000001584C3024C0 49] iPadPro2_129, [000001585509ED00][000001584C306640 49] iPad5, [0000015855122100][000001584C30A7C0 49] iPad6, [000001585509D200][000001584C30E940 49] iPad7, [0000015855121100][000001584C2CAA80 49] iPad8, [000001585509C400][000001584C312BC0 49] iPadPro11, [0000015855120700][000001584C316D00 49] iPadPro2_11, [000001585509D700][000001584C31EE80 49] iPadPro3_129, [0000015855123800][000001584C323000 49] iPadPro4_129, [000001585509F300][000001584C327180 49] AppleTV, [0000015855122600][000001584C32B300 49] AppleTV4K, [000001585509EB00][000001584C32F480 49] TVOS, [0000015855120A00][000001584C333600 49] Mac, [000001585509D400][000001584C337780 49] MacClient, [0000015855121D00][000001584C33B900 49] MacNoEditor, [000001585509F600][000001584C33FA80 49] MacServer, [0000015855121200][000001584EEB9C00 49] Linux, [000001585509DD00][000001584EEBC200 49] LinuxAArch64, [0000015855122B00][000001584EEC0380 49] LinuxNoEditor, [000001585509E400][000001584EEC4500 49] LinuxAArch64NoEditor, [0000015855120600][000001584EEC8680 49] LinuxClient, [000001585509F800][000001584EECC800 49] LinuxAArch64Client, [0000015855122700][000001584EED0980 49] LinuxServer, [000001585509EA00][000001584EED4B00 49] LinuxAArch64Server, [0000015855123400][000001584C31AC40 49] Android, [000001585509F400][000001584EED8D80 49] Android_Low, [0000015855121600][000001584EEDCEC0 49] Android_Mid, [000001585509F900][000001584EEE5040 49] Android_High, [0000015855123D00][000001584EEE91C0 49] Android_Default, [000001585509E600][000001584EEED340 49] Android_Adreno4xx, [0000015855120E00][000001584EEF14C0 49] Android_Adreno5xx_Low, [000001585509D000][000001584EEF5640 49] Android_Adreno5xx, [0000015855121300][000001584EEF97C0 49] Android_Adreno6xx, [00000158550EC500][000001584EEFD940 49] Android_Adreno6xx_Vulkan, [0000015855096000][000001584EF01AC0 49] Android_Mali_T6xx, [00000158550EC600][000001584EF040C0 49] Android_Mali_T7xx, [0000015855094100][000001584EF08240 49] Android_Mali_T8xx, [00000158550EC100][000001584EF0C3C0 49] Android_Mali_G71, [0000015855097300][000001584EF10540 49] Android_Mali_G72, [00000158550ED500][000001584EF146C0 49] Android_Mali_G72_Vulkan, [0000015855095700][000001584EF18840 49] Android_Mali_G76, [00000158550EF800][000001584EF1C9C0 49] Android_Mali_G76_Vulkan, [0000015855096900][0000015855B46B40 49] Android_Mali_G77, [00000158550EFC00][0000015855BE2CC0 49] Android_Mali_G77_Vulkan, [0000015855095500][000001584EEE0E00 49] Android_Mali_G78, [00000158550EE200][0000015855C96F40 49] Android_Mali_G78_Vulkan, [0000015855094400][0000015855C9B080 49] Android_Mali_G710, [00000158550EC300][0000015855C9F1C0 49] Android_Mali_G710_Vulkan, [0000015855094200][00000158546E1340 49] Android_Vulkan_SM5, [00000158550EC700][00000158546E54C0 49] Android_PowerVR_G6xxx, [0000015855096400][00000158546E9640 49] Android_PowerVR_GT7xxx, [00000158550EE800][00000158560BF7C0 49] Android_PowerVR_GE8xxx, [0000015855095400][0000015855CC3940 49] Android_PowerVR_GM9xxx, [00000158550EC200][000001585476BAC0 49] Android_PowerVR_GM9xxx_Vulkan, [0000015855096600][000001585476E0C0 49] Android_TegraK1, [00000158550EFA00][00000158547AC240 49] Android_Unknown_Vulkan, [0000015855097B00][00000158548203C0 49] Lumin, [00000158550EFF00][0000015854824540 49] Lumin_Desktop, [0000015855094B00][00000158548286C0 49] HoloLens, 
[2022.02.14-02.55.28:388][  0]LogMeshReduction: Using QuadricMeshReduction for automatic static mesh reduction
[2022.02.14-02.55.28:388][  0]LogMeshReduction: Using SimplygonMeshReduction for automatic skeletal mesh reduction
[2022.02.14-02.55.28:388][  0]LogMeshReduction: Using ProxyLODMeshReduction for automatic mesh merging
[2022.02.14-02.55.28:388][  0]LogMeshReduction: No distributed automatic mesh merging module available
[2022.02.14-02.55.28:388][  0]LogMeshMerging: No distributed automatic mesh merging module available
[2022.02.14-02.55.28:412][  0]LogNetVersion: InfiniteMatrix 1.0.0, NetCL: 17155196, EngineNetVer: 17, GameNetVer: 0 (Checksum: 1551001080)
[2022.02.14-02.55.28:877][  0]LogTexture: Default maximum texture size for cubemaps generated from long-lat sources has been changed from 512 to unlimited. In order to preserve old behaiour for '/Engine/MapTemplates/Sky/DaylightAmbientCubemap.DaylightAmbientCubemap', its maximum texture size has been explicitly set to 512.
[2022.02.14-02.55.28:950][  0]LogHMD: PokeAHoleMaterial loaded successfully
[2022.02.14-02.55.28:956][  0]LogUObjectArray: 17178 objects as part of root set at end of initial load.
[2022.02.14-02.55.28:956][  0]LogUObjectAllocator: 4302048 out of 0 bytes used by permanent object pool.
[2022.02.14-02.55.28:956][  0]LogUObjectArray: CloseDisregardForGC: 0/0 objects in disregard for GC pool
[2022.02.14-02.55.29:316][  0]LogNiagaraDebuggerClient: Niagara Debugger Client Initialized | Session: CDC09C084FA97B6301258D8861B0231B | Instance: 9E02BFB749BBE025F482319FD1A504B1 (SIEBL-4107-20-8028).
[2022.02.14-02.55.29:467][  0]LogPython: Using Python 3.7.7
[2022.02.14-02.55.30:038][  0]LogTcpMessaging: Initializing TcpMessaging bridge
[2022.02.14-02.55.30:044][  0]LogUdpMessaging: Initializing bridge on interface 0.0.0.0:0 to multicast group 230.0.0.1:6666.
[2022.02.14-02.55.30:272][  0]SourceControl: Source control is disabled
[2022.02.14-02.55.30:272][  0]LogWindows: Warning: CreateProc failed: The system cannot find the file specified. (0x00000002)
[2022.02.14-02.55.30:272][  0]LogWindows: Warning: URL: C:/Program Files/Git/bin/git.exe version
[2022.02.14-02.55.30:272][  0]LogWindows: Warning: CreateProc failed: The system cannot find the file specified. (0x00000002)
[2022.02.14-02.55.30:272][  0]LogWindows: Warning: URL: C:/Program Files (x86)/Git/bin/git.exe version
[2022.02.14-02.55.31:364][  0]LogUProjectInfo: Found projects:
[2022.02.14-02.55.31:663][  0]LogOpenImageDenoise: OIDN starting up
[2022.02.14-02.55.31:719][  0]LogAndroidPermission: UAndroidPermissionCallbackProxy::GetInstance
[2022.02.14-02.55.31:751][  0]LogAudioCaptureCore: Display: No Audio Capture implementations found. Audio input will be silent.
[2022.02.14-02.55.31:751][  0]LogAudioCaptureCore: Display: No Audio Capture implementations found. Audio input will be silent.
[2022.02.14-02.55.31:907][  0]LogCollectionManager: Loaded 0 collections in 0.002057 seconds
[2022.02.14-02.55.31:940][  0]LogFileCache: Scanning file cache for directory 'C:/Users/conyew2/Desktop/MP1/Saved/Collections/' took 0.00s
[2022.02.14-02.55.31:940][  0]LogFileCache: Scanning file cache for directory 'C:/Users/conyew2/Desktop/MP1/Content/Developers/conyew2/Collections/' took 0.00s
[2022.02.14-02.55.31:940][  0]LogFileCache: Scanning file cache for directory 'C:/Users/conyew2/Desktop/MP1/Content/Collections/' took 0.00s
[2022.02.14-02.55.31:940][  0]LogOcInput: OculusInput pre-init called
[2022.02.14-02.55.32:235][  0]LogEngine: Initializing Engine...
[2022.02.14-02.55.32:238][  0]LogHMD: Failed to enumerate extensions. Please check that you have a valid OpenXR runtime installed.
[2022.02.14-02.55.32:238][  0]LogHMD: Failed to initialize OpenVR with code 110
[2022.02.14-02.55.32:238][  0]LogMagicLeap: Warning: VR disabled because ZI is not enabled.  To enable, in the editor, Edit -> Project Settings -> Plugins -> Magic Leap Plugin -> Enable Zero Iteration
[2022.02.14-02.55.32:239][  0]LogStats: UGameplayTagsManager::InitializeManager -  0.000 s
[2022.02.14-02.55.32:367][  0]LogInit: Initializing FReadOnlyCVARCache
[2022.02.14-02.55.32:377][  0]LogAIModule: Creating AISystem for world Untitled
[2022.02.14-02.55.32:394][  0]LogAudio: Display: Initializing Audio Device Manager...
[2022.02.14-02.55.32:399][  0]LogAudio: Display: Loading Default Audio Settings Objects...
[2022.02.14-02.55.32:400][  0]LogAudio: Display: No default SoundConcurrencyObject specified (or failed to load).
[2022.02.14-02.55.32:400][  0]LogAudio: Display: Audio Device Manager Initialized
[2022.02.14-02.55.32:400][  0]LogAudio: Display: Creating Audio Device:                 Id: 1, Scope: Shared, Realtime: True
[2022.02.14-02.55.32:400][  0]LogAudioMixer: Display: Audio Mixer Platform Settings:
[2022.02.14-02.55.32:401][  0]LogAudioMixer: Display: 	Sample Rate:						  48000
[2022.02.14-02.55.32:401][  0]LogAudioMixer: Display: 	Callback Buffer Frame Size Requested: 1024
[2022.02.14-02.55.32:401][  0]LogAudioMixer: Display: 	Callback Buffer Frame Size To Use:	  1024
[2022.02.14-02.55.32:401][  0]LogAudioMixer: Display: 	Number of buffers to queue:			  2
[2022.02.14-02.55.32:401][  0]LogAudioMixer: Display: 	Max Channels (voices):				  32
[2022.02.14-02.55.32:401][  0]LogAudioMixer: Display: 	Number of Async Source Workers:		  0
[2022.02.14-02.55.32:401][  0]LogAudio: Display: AudioDevice MaxSources: 32
[2022.02.14-02.55.32:401][  0]LogAudio: Display: Audio Spatialization Plugin: None (built-in).
[2022.02.14-02.55.32:401][  0]LogAudio: Display: Audio Reverb Plugin: None (built-in).
[2022.02.14-02.55.32:401][  0]LogAudio: Display: Audio Occlusion Plugin: None (built-in).
[2022.02.14-02.55.32:401][  0]LogAudioMixer: Display: Initializing audio mixer.
[2022.02.14-02.55.32:419][  0]LogAudioMixer: Display: 0: FrontLeft
[2022.02.14-02.55.32:419][  0]LogAudioMixer: Display: 1: FrontRight
[2022.02.14-02.55.32:622][  0]LogAudioMixer: Display: Using Audio Device Speakers / Headphones (Realtek High Definition Audio)
[2022.02.14-02.55.32:625][  0]LogAudioMixer: Display: Initializing Sound Submixes...
[2022.02.14-02.55.32:628][  0]LogAudioMixer: Display: Creating Master Submix 'MasterSubmixDefault'
[2022.02.14-02.55.32:628][  0]LogAudioMixer: Display: Creating Master Submix 'MasterReverbSubmixDefault'
[2022.02.14-02.55.32:629][  0]LogAudioMixer: Display: Creating Master Submix 'MasterEQSubmixDefault'
[2022.02.14-02.55.32:629][  0]LogAudioMixer: FMixerPlatformXAudio2::StartAudioStream() called
[2022.02.14-02.55.32:629][  0]LogAudioMixer: Display: Output buffers initialized: Frames=1024, Channels=2, Samples=2048
[2022.02.14-02.55.32:631][  0]LogAudioMixer: Display: Starting AudioMixerPlatformInterface::RunInternal()
[2022.02.14-02.55.32:631][  0]LogAudioMixer: Display: FMixerPlatformXAudio2::SubmitBuffer() called for the first time
[2022.02.14-02.55.32:631][  0]LogInit: FAudioDevice initialized.
[2022.02.14-02.55.32:631][  0]LogAudio: Display: Audio Device (ID: 1) registered with world 'Untitled'.
[2022.02.14-02.55.32:631][  0]LogNetVersion: Set ProjectVersion to 1.0.0.0. Version Checksum will be recalculated on next use.
[2022.02.14-02.55.32:826][  0]LogDerivedDataCache: Saved boot cache 0.20s 96MB C:/Users/conyew2/AppData/Local/UnrealEngine/4.27/DerivedDataCache/Boot.ddc.
[2022.02.14-02.55.32:827][  0]LogInit: Texture streaming: Enabled
[2022.02.14-02.55.32:844][  0]LogAnalytics: Display: [UEEditor.Rocket.Release] APIServer = https://datarouter.ol.epicgames.com/. AppVersion = 4.27.2-18319896+++UE4+Release-4.27
[2022.02.14-02.55.32:850][  0]LogEngineSessionManager: EngineSessionManager initialized
[2022.02.14-02.55.32:851][  0]LogEditorSessionSummary: Verbose: Initializing EditorSessionSummaryWriter for editor session tracking
[2022.02.14-02.55.32:856][  0]LogEditorSessionSummary: EditorSessionSummaryWriter initialized
[2022.02.14-02.55.32:895][  0]LogInit: Transaction tracking system initialized
[2022.02.14-02.55.32:925][  0]BlueprintLog: New page: Editor Load
[2022.02.14-02.55.33:008][  0]LocalizationService: Localization service is disabled
[2022.02.14-02.55.33:045][  0]TimingProfiler: Initialize
[2022.02.14-02.55.33:045][  0]TimingProfiler: OnSessionChanged
[2022.02.14-02.55.33:045][  0]LoadingProfiler: Initialize
[2022.02.14-02.55.33:045][  0]LoadingProfiler: OnSessionChanged
[2022.02.14-02.55.33:045][  0]NetworkingProfiler: Initialize
[2022.02.14-02.55.33:045][  0]NetworkingProfiler: OnSessionChanged
[2022.02.14-02.55.33:045][  0]MemoryProfiler: Initialize
[2022.02.14-02.55.33:045][  0]MemoryProfiler: OnSessionChanged
[2022.02.14-02.55.33:251][  0]LogCook: Display: CookSettings for Memory: MemoryMaxUsedVirtual 0MiB, MemoryMaxUsedPhysical 16384MiB, MemoryMinFreeVirtual 0MiB, MemoryMinFreePhysical 1024MiB
[2022.02.14-02.55.33:251][  0]LogCook: Display: Mobile HDR setting 1
[2022.02.14-02.55.33:501][  0]LogFileCache: Scanning file cache for directory 'C:/Users/conyew2/Desktop/MP1/Content/' took 0.00s
[2022.02.14-02.55.33:741][  0]LogInit: Display: Engine is initialized. Leaving FEngineLoop::Init()
[2022.02.14-02.55.33:747][  0]LogUnrealEdMisc: Loading editor; pre map load, took 10.370
[2022.02.14-02.55.33:747][  0]Cmd: MAP LOAD FILE="../../../../../../Users/conyew2/Desktop/MP1/Content/InfiniteMatrix/Maps/TutorialMap.umap" TEMPLATE=0 SHOWPROGRESS=1 FEATURELEVEL=3
[2022.02.14-02.55.33:748][  0]LightingResults: New page: Lighting Build
[2022.02.14-02.55.33:750][  0]LogWorld: UWorld::CleanupWorld for Untitled, bSessionEnded=true, bCleanupResources=true
[2022.02.14-02.55.33:750][  0]LogSlate: InvalidateAllWidgets triggered.  All widgets were invalidated
[2022.02.14-02.55.33:750][  0]MapCheck: New page: Map Check
[2022.02.14-02.55.33:750][  0]LightingResults: New page: Lighting Build
[2022.02.14-02.55.33:755][  0]LogAudio: Display: Audio Device unregistered from world 'None'.
[2022.02.14-02.55.33:758][  0]LogUObjectHash: Compacting FUObjectHashTables data took   0.91ms
[2022.02.14-02.55.33:836][  0]LogAudio: Display: Audio Device (ID: 1) registered with world 'TutorialMap'.
[2022.02.14-02.55.33:837][  0]LogAIModule: Creating AISystem for world TutorialMap
[2022.02.14-02.55.33:840][  0]LogEditorServer: Finished looking for orphan Actors (0.000 secs)
[2022.02.14-02.55.33:848][  0]LogUObjectHash: Compacting FUObjectHashTables data took   0.92ms
[2022.02.14-02.55.33:848][  0]Cmd: MAP CHECKDEP NOCLEARLOG
[2022.02.14-02.55.33:848][  0]MapCheck: Map check complete: 0 Error(s), 0 Warning(s), took 0.145ms to complete.
[2022.02.14-02.55.33:848][  0]LogFileHelpers: Loading map 'TutorialMap' took 0.101
[2022.02.14-02.55.33:850][  0]LogUnrealEdMisc: Total Editor Startup Time, took 10.473
[2022.02.14-02.55.33:999][  0]LogSlate: Updating window title bar state: overlay mode, drag disabled, window buttons hidden, title bar hidden
[2022.02.14-02.55.34:007][  0]LogSlate: Updating window title bar state: overlay mode, drag disabled, window buttons hidden, title bar hidden
[2022.02.14-02.55.34:014][  0]LogSlate: Updating window title bar state: overlay mode, drag disabled, window buttons hidden, title bar hidden
[2022.02.14-02.55.34:021][  0]LogSlate: Updating window title bar state: overlay mode, drag disabled, window buttons hidden, title bar hidden
[2022.02.14-02.55.34:041][  0]LogNativeClassHierarchy: Verbose: Native class hierarchy populated in 0.0127 seconds. Added 3822 classes and 928 folders.
[2022.02.14-02.55.34:044][  0]LogNativeClassHierarchy: Verbose: Native class hierarchy updated for 'WidgetCarousel' in 0.0004 seconds. Added 0 classes and 0 folders.
[2022.02.14-02.55.34:046][  0]LogPakFile: PakFile PrimaryIndexSize=187
[2022.02.14-02.55.34:046][  0]LogPakFile: PakFile PathHashIndexSize=101
[2022.02.14-02.55.34:046][  0]LogPakFile: PakFile FullDirectoryIndexSize=148
[2022.02.14-02.55.34:046][  0]LogShaderLibrary: Display: ShaderCodeLibraryPakFileMountedCallback: PakFile 'C:/Program Files/Epic Games/UE_4.27/FeaturePacks/FP_FirstPerson.upack' (chunk index -1, root 'root:/') mounted
[2022.02.14-02.55.34:046][  0]LogShaderLibrary: Display: ShaderCodeLibraryPakFileMountedCallback: pending pak file info (ChunkID:-1 Root:root:/ File:C:/Program Files/Epic Games/UE_4.27/FeaturePacks/FP_FirstPerson.upack)
[2022.02.14-02.55.34:046][  0]LogPakFile: OnPakFileMounted2Time == 0.000058
[2022.02.14-02.55.34:047][  0]LogPakFile: PakFile PrimaryIndexSize=189
[2022.02.14-02.55.34:047][  0]LogPakFile: PakFile PathHashIndexSize=101
[2022.02.14-02.55.34:047][  0]LogPakFile: PakFile FullDirectoryIndexSize=152
[2022.02.14-02.55.34:047][  0]LogShaderLibrary: Display: ShaderCodeLibraryPakFileMountedCallback: PakFile 'C:/Program Files/Epic Games/UE_4.27/FeaturePacks/FP_FirstPersonBP.upack' (chunk index -1, root 'root:/') mounted
[2022.02.14-02.55.34:047][  0]LogShaderLibrary: Display: ShaderCodeLibraryPakFileMountedCallback: pending pak file info (ChunkID:-1 Root:root:/ File:C:/Program Files/Epic Games/UE_4.27/FeaturePacks/FP_FirstPersonBP.upack)
[2022.02.14-02.55.34:047][  0]LogPakFile: OnPakFileMounted2Time == 0.000045
[2022.02.14-02.55.34:048][  0]LogPakFile: PakFile PrimaryIndexSize=191
[2022.02.14-02.55.34:048][  0]LogPakFile: PakFile PathHashIndexSize=101
[2022.02.14-02.55.34:048][  0]LogPakFile: PakFile FullDirectoryIndexSize=160
[2022.02.14-02.55.34:048][  0]LogShaderLibrary: Display: ShaderCodeLibraryPakFileMountedCallback: PakFile 'C:/Program Files/Epic Games/UE_4.27/FeaturePacks/MobileStarterContent.upack' (chunk index -1, root 'root:/') mounted
[2022.02.14-02.55.34:048][  0]LogShaderLibrary: Display: ShaderCodeLibraryPakFileMountedCallback: pending pak file info (ChunkID:-1 Root:root:/ File:C:/Program Files/Epic Games/UE_4.27/FeaturePacks/MobileStarterContent.upack)
[2022.02.14-02.55.34:048][  0]LogPakFile: OnPakFileMounted2Time == 0.000080
[2022.02.14-02.55.34:049][  0]LogPakFile: PakFile PrimaryIndexSize=185
[2022.02.14-02.55.34:050][  0]LogPakFile: PakFile PathHashIndexSize=101
[2022.02.14-02.55.34:050][  0]LogPakFile: PakFile FullDirectoryIndexSize=148
[2022.02.14-02.55.34:050][  0]LogShaderLibrary: Display: ShaderCodeLibraryPakFileMountedCallback: PakFile 'C:/Program Files/Epic Games/UE_4.27/FeaturePacks/StarterContent.upack' (chunk index -1, root 'root:/') mounted
[2022.02.14-02.55.34:050][  0]LogShaderLibrary: Display: ShaderCodeLibraryPakFileMountedCallback: pending pak file info (ChunkID:-1 Root:root:/ File:C:/Program Files/Epic Games/UE_4.27/FeaturePacks/StarterContent.upack)
[2022.02.14-02.55.34:050][  0]LogPakFile: OnPakFileMounted2Time == 0.000073
[2022.02.14-02.55.34:051][  0]LogPakFile: PakFile PrimaryIndexSize=190
[2022.02.14-02.55.34:051][  0]LogPakFile: PakFile PathHashIndexSize=101
[2022.02.14-02.55.34:051][  0]LogPakFile: PakFile FullDirectoryIndexSize=154
[2022.02.14-02.55.34:051][  0]LogShaderLibrary: Display: ShaderCodeLibraryPakFileMountedCallback: PakFile 'C:/Program Files/Epic Games/UE_4.27/FeaturePacks/TP_2DSideScroller.upack' (chunk index -1, root 'root:/') mounted
[2022.02.14-02.55.34:051][  0]LogShaderLibrary: Display: ShaderCodeLibraryPakFileMountedCallback: pending pak file info (ChunkID:-1 Root:root:/ File:C:/Program Files/Epic Games/UE_4.27/FeaturePacks/TP_2DSideScroller.upack)
[2022.02.14-02.55.34:051][  0]LogPakFile: OnPakFileMounted2Time == 0.000070
[2022.02.14-02.55.34:052][  0]LogPakFile: PakFile PrimaryIndexSize=192
[2022.02.14-02.55.34:052][  0]LogPakFile: PakFile PathHashIndexSize=101
[2022.02.14-02.55.34:052][  0]LogPakFile: PakFile FullDirectoryIndexSize=158
[2022.02.14-02.55.34:052][  0]LogShaderLibrary: Display: ShaderCodeLibraryPakFileMountedCallback: PakFile 'C:/Program Files/Epic Games/UE_4.27/FeaturePacks/TP_2DSideScrollerBP.upack' (chunk index -1, root 'root:/') mounted
[2022.02.14-02.55.34:052][  0]LogShaderLibrary: Display: ShaderCodeLibraryPakFileMountedCallback: pending pak file info (ChunkID:-1 Root:root:/ File:C:/Program Files/Epic Games/UE_4.27/FeaturePacks/TP_2DSideScrollerBP.upack)
[2022.02.14-02.55.34:052][  0]LogPakFile: OnPakFileMounted2Time == 0.000071
[2022.02.14-02.55.34:054][  0]LogPakFile: PakFile PrimaryIndexSize=182
[2022.02.14-02.55.34:054][  0]LogPakFile: PakFile PathHashIndexSize=101
[2022.02.14-02.55.34:054][  0]LogPakFile: PakFile FullDirectoryIndexSize=138
[2022.02.14-02.55.34:054][  0]LogShaderLibrary: Display: ShaderCodeLibraryPakFileMountedCallback: PakFile 'C:/Program Files/Epic Games/UE_4.27/FeaturePacks/TP_Flying.upack' (chunk index -1, root 'root:/') mounted
[2022.02.14-02.55.34:054][  0]LogShaderLibrary: Display: ShaderCodeLibraryPakFileMountedCallback: pending pak file info (ChunkID:-1 Root:root:/ File:C:/Program Files/Epic Games/UE_4.27/FeaturePacks/TP_Flying.upack)
[2022.02.14-02.55.34:054][  0]LogPakFile: OnPakFileMounted2Time == 0.000069
[2022.02.14-02.55.34:055][  0]LogPakFile: PakFile PrimaryIndexSize=184
[2022.02.14-02.55.34:055][  0]LogPakFile: PakFile PathHashIndexSize=101
[2022.02.14-02.55.34:055][  0]LogPakFile: PakFile FullDirectoryIndexSize=142
[2022.02.14-02.55.34:055][  0]LogShaderLibrary: Display: ShaderCodeLibraryPakFileMountedCallback: PakFile 'C:/Program Files/Epic Games/UE_4.27/FeaturePacks/TP_FlyingBP.upack' (chunk index -1, root 'root:/') mounted
[2022.02.14-02.55.34:055][  0]LogShaderLibrary: Display: ShaderCodeLibraryPakFileMountedCallback: pending pak file info (ChunkID:-1 Root:root:/ File:C:/Program Files/Epic Games/UE_4.27/FeaturePacks/TP_FlyingBP.upack)
[2022.02.14-02.55.34:055][  0]LogPakFile: OnPakFileMounted2Time == 0.000036
[2022.02.14-02.55.34:056][  0]LogPakFile: PakFile PrimaryIndexSize=188
[2022.02.14-02.55.34:056][  0]LogPakFile: PakFile PathHashIndexSize=101
[2022.02.14-02.55.34:056][  0]LogPakFile: PakFile FullDirectoryIndexSize=150
[2022.02.14-02.55.34:056][  0]LogShaderLibrary: Display: ShaderCodeLibraryPakFileMountedCallback: PakFile 'C:/Program Files/Epic Games/UE_4.27/FeaturePacks/TP_HandheldARBP.upack' (chunk index -1, root 'root:/') mounted
[2022.02.14-02.55.34:056][  0]LogShaderLibrary: Display: ShaderCodeLibraryPakFileMountedCallback: pending pak file info (ChunkID:-1 Root:root:/ File:C:/Program Files/Epic Games/UE_4.27/FeaturePacks/TP_HandheldARBP.upack)
[2022.02.14-02.55.34:056][  0]LogPakFile: OnPakFileMounted2Time == 0.000043
[2022.02.14-02.55.34:057][  0]LogPakFile: PakFile PrimaryIndexSize=182
[2022.02.14-02.55.34:057][  0]LogPakFile: PakFile PathHashIndexSize=101
[2022.02.14-02.55.34:057][  0]LogPakFile: PakFile FullDirectoryIndexSize=138
[2022.02.14-02.55.34:057][  0]LogShaderLibrary: Display: ShaderCodeLibraryPakFileMountedCallback: PakFile 'C:/Program Files/Epic Games/UE_4.27/FeaturePacks/TP_Puzzle.upack' (chunk index -1, root 'root:/') mounted
[2022.02.14-02.55.34:057][  0]LogShaderLibrary: Display: ShaderCodeLibraryPakFileMountedCallback: pending pak file info (ChunkID:-1 Root:root:/ File:C:/Program Files/Epic Games/UE_4.27/FeaturePacks/TP_Puzzle.upack)
[2022.02.14-02.55.34:057][  0]LogPakFile: OnPakFileMounted2Time == 0.000038
[2022.02.14-02.55.34:058][  0]LogPakFile: PakFile PrimaryIndexSize=184
[2022.02.14-02.55.34:058][  0]LogPakFile: PakFile PathHashIndexSize=101
[2022.02.14-02.55.34:058][  0]LogPakFile: PakFile FullDirectoryIndexSize=142
[2022.02.14-02.55.34:058][  0]LogShaderLibrary: Display: ShaderCodeLibraryPakFileMountedCallback: PakFile 'C:/Program Files/Epic Games/UE_4.27/FeaturePacks/TP_PuzzleBP.upack' (chunk index -1, root 'root:/') mounted
[2022.02.14-02.55.34:058][  0]LogShaderLibrary: Display: ShaderCodeLibraryPakFileMountedCallback: pending pak file info (ChunkID:-1 Root:root:/ File:C:/Program Files/Epic Games/UE_4.27/FeaturePacks/TP_PuzzleBP.upack)
[2022.02.14-02.55.34:058][  0]LogPakFile: OnPakFileMounted2Time == 0.000037
[2022.02.14-02.55.34:058][  0]LogPakFile: PakFile PrimaryIndexSize=183
[2022.02.14-02.55.34:058][  0]LogPakFile: PakFile PathHashIndexSize=101
[2022.02.14-02.55.34:059][  0]LogPakFile: PakFile FullDirectoryIndexSize=140
[2022.02.14-02.55.34:059][  0]LogShaderLibrary: Display: ShaderCodeLibraryPakFileMountedCallback: PakFile 'C:/Program Files/Epic Games/UE_4.27/FeaturePacks/TP_Rolling.upack' (chunk index -1, root 'root:/') mounted
[2022.02.14-02.55.34:059][  0]LogShaderLibrary: Display: ShaderCodeLibraryPakFileMountedCallback: pending pak file info (ChunkID:-1 Root:root:/ File:C:/Program Files/Epic Games/UE_4.27/FeaturePacks/TP_Rolling.upack)
[2022.02.14-02.55.34:059][  0]LogPakFile: OnPakFileMounted2Time == 0.000037
[2022.02.14-02.55.34:059][  0]LogPakFile: PakFile PrimaryIndexSize=185
[2022.02.14-02.55.34:059][  0]LogPakFile: PakFile PathHashIndexSize=101
[2022.02.14-02.55.34:059][  0]LogPakFile: PakFile FullDirectoryIndexSize=144
[2022.02.14-02.55.34:059][  0]LogShaderLibrary: Display: ShaderCodeLibraryPakFileMountedCallback: PakFile 'C:/Program Files/Epic Games/UE_4.27/FeaturePacks/TP_RollingBP.upack' (chunk index -1, root 'root:/') mounted
[2022.02.14-02.55.34:059][  0]LogShaderLibrary: Display: ShaderCodeLibraryPakFileMountedCallback: pending pak file info (ChunkID:-1 Root:root:/ File:C:/Program Files/Epic Games/UE_4.27/FeaturePacks/TP_RollingBP.upack)
[2022.02.14-02.55.34:059][  0]LogPakFile: OnPakFileMounted2Time == 0.000036
[2022.02.14-02.55.34:060][  0]LogPakFile: PakFile PrimaryIndexSize=188
[2022.02.14-02.55.34:060][  0]LogPakFile: PakFile PathHashIndexSize=101
[2022.02.14-02.55.34:061][  0]LogPakFile: PakFile FullDirectoryIndexSize=150
[2022.02.14-02.55.34:061][  0]LogShaderLibrary: Display: ShaderCodeLibraryPakFileMountedCallback: PakFile 'C:/Program Files/Epic Games/UE_4.27/FeaturePacks/TP_SideScroller.upack' (chunk index -1, root 'root:/') mounted
[2022.02.14-02.55.34:061][  0]LogShaderLibrary: Display: ShaderCodeLibraryPakFileMountedCallback: pending pak file info (ChunkID:-1 Root:root:/ File:C:/Program Files/Epic Games/UE_4.27/FeaturePacks/TP_SideScroller.upack)
[2022.02.14-02.55.34:061][  0]LogPakFile: OnPakFileMounted2Time == 0.000037
[2022.02.14-02.55.34:061][  0]LogPakFile: PakFile PrimaryIndexSize=190
[2022.02.14-02.55.34:061][  0]LogPakFile: PakFile PathHashIndexSize=101
[2022.02.14-02.55.34:061][  0]LogPakFile: PakFile FullDirectoryIndexSize=154
[2022.02.14-02.55.34:061][  0]LogShaderLibrary: Display: ShaderCodeLibraryPakFileMountedCallback: PakFile 'C:/Program Files/Epic Games/UE_4.27/FeaturePacks/TP_SideScrollerBP.upack' (chunk index -1, root 'root:/') mounted
[2022.02.14-02.55.34:061][  0]LogShaderLibrary: Display: ShaderCodeLibraryPakFileMountedCallback: pending pak file info (ChunkID:-1 Root:root:/ File:C:/Program Files/Epic Games/UE_4.27/FeaturePacks/TP_SideScrollerBP.upack)
[2022.02.14-02.55.34:061][  0]LogPakFile: OnPakFileMounted2Time == 0.000037
[2022.02.14-02.55.34:062][  0]LogPakFile: PakFile PrimaryIndexSize=187
[2022.02.14-02.55.34:062][  0]LogPakFile: PakFile PathHashIndexSize=101
[2022.02.14-02.55.34:062][  0]LogPakFile: PakFile FullDirectoryIndexSize=148
[2022.02.14-02.55.34:062][  0]LogShaderLibrary: Display: ShaderCodeLibraryPakFileMountedCallback: PakFile 'C:/Program Files/Epic Games/UE_4.27/FeaturePacks/TP_ThirdPerson.upack' (chunk index -1, root 'root:/') mounted
[2022.02.14-02.55.34:062][  0]LogShaderLibrary: Display: ShaderCodeLibraryPakFileMountedCallback: pending pak file info (ChunkID:-1 Root:root:/ File:C:/Program Files/Epic Games/UE_4.27/FeaturePacks/TP_ThirdPerson.upack)
[2022.02.14-02.55.34:062][  0]LogPakFile: OnPakFileMounted2Time == 0.000042
[2022.02.14-02.55.34:063][  0]LogPakFile: PakFile PrimaryIndexSize=189
[2022.02.14-02.55.34:063][  0]LogPakFile: PakFile PathHashIndexSize=101
[2022.02.14-02.55.34:063][  0]LogPakFile: PakFile FullDirectoryIndexSize=152
[2022.02.14-02.55.34:063][  0]LogShaderLibrary: Display: ShaderCodeLibraryPakFileMountedCallback: PakFile 'C:/Program Files/Epic Games/UE_4.27/FeaturePacks/TP_ThirdPersonBP.upack' (chunk index -1, root 'root:/') mounted
[2022.02.14-02.55.34:063][  0]LogShaderLibrary: Display: ShaderCodeLibraryPakFileMountedCallback: pending pak file info (ChunkID:-1 Root:root:/ File:C:/Program Files/Epic Games/UE_4.27/FeaturePacks/TP_ThirdPersonBP.upack)
[2022.02.14-02.55.34:063][  0]LogPakFile: OnPakFileMounted2Time == 0.000040
[2022.02.14-02.55.34:064][  0]LogPakFile: PakFile PrimaryIndexSize=183
[2022.02.14-02.55.34:064][  0]LogPakFile: PakFile PathHashIndexSize=101
[2022.02.14-02.55.34:064][  0]LogPakFile: PakFile FullDirectoryIndexSize=140
[2022.02.14-02.55.34:064][  0]LogShaderLibrary: Display: ShaderCodeLibraryPakFileMountedCallback: PakFile 'C:/Program Files/Epic Games/UE_4.27/FeaturePacks/TP_TopDown.upack' (chunk index -1, root 'root:/') mounted
[2022.02.14-02.55.34:064][  0]LogShaderLibrary: Display: ShaderCodeLibraryPakFileMountedCallback: pending pak file info (ChunkID:-1 Root:root:/ File:C:/Program Files/Epic Games/UE_4.27/FeaturePacks/TP_TopDown.upack)
[2022.02.14-02.55.34:064][  0]LogPakFile: OnPakFileMounted2Time == 0.000044
[2022.02.14-02.55.34:065][  0]LogPakFile: PakFile PrimaryIndexSize=185
[2022.02.14-02.55.34:065][  0]LogPakFile: PakFile PathHashIndexSize=101
[2022.02.14-02.55.34:065][  0]LogPakFile: PakFile FullDirectoryIndexSize=144
[2022.02.14-02.55.34:065][  0]LogShaderLibrary: Display: ShaderCodeLibraryPakFileMountedCallback: PakFile 'C:/Program Files/Epic Games/UE_4.27/FeaturePacks/TP_TopDownBP.upack' (chunk index -1, root 'root:/') mounted
[2022.02.14-02.55.34:065][  0]LogShaderLibrary: Display: ShaderCodeLibraryPakFileMountedCallback: pending pak file info (ChunkID:-1 Root:root:/ File:C:/Program Files/Epic Games/UE_4.27/FeaturePacks/TP_TopDownBP.upack)
[2022.02.14-02.55.34:065][  0]LogPakFile: OnPakFileMounted2Time == 0.000044
[2022.02.14-02.55.34:066][  0]LogPakFile: PakFile PrimaryIndexSize=185
[2022.02.14-02.55.34:066][  0]LogPakFile: PakFile PathHashIndexSize=101
[2022.02.14-02.55.34:066][  0]LogPakFile: PakFile FullDirectoryIndexSize=144
[2022.02.14-02.55.34:066][  0]LogShaderLibrary: Display: ShaderCodeLibraryPakFileMountedCallback: PakFile 'C:/Program Files/Epic Games/UE_4.27/FeaturePacks/TP_TwinStick.upack' (chunk index -1, root 'root:/') mounted
[2022.02.14-02.55.34:066][  0]LogShaderLibrary: Display: ShaderCodeLibraryPakFileMountedCallback: pending pak file info (ChunkID:-1 Root:root:/ File:C:/Program Files/Epic Games/UE_4.27/FeaturePacks/TP_TwinStick.upack)
[2022.02.14-02.55.34:066][  0]LogPakFile: OnPakFileMounted2Time == 0.000043
[2022.02.14-02.55.34:067][  0]LogPakFile: PakFile PrimaryIndexSize=187
[2022.02.14-02.55.34:067][  0]LogPakFile: PakFile PathHashIndexSize=101
[2022.02.14-02.55.34:067][  0]LogPakFile: PakFile FullDirectoryIndexSize=148
[2022.02.14-02.55.34:067][  0]LogShaderLibrary: Display: ShaderCodeLibraryPakFileMountedCallback: PakFile 'C:/Program Files/Epic Games/UE_4.27/FeaturePacks/TP_TwinStickBP.upack' (chunk index -1, root 'root:/') mounted
[2022.02.14-02.55.34:067][  0]LogShaderLibrary: Display: ShaderCodeLibraryPakFileMountedCallback: pending pak file info (ChunkID:-1 Root:root:/ File:C:/Program Files/Epic Games/UE_4.27/FeaturePacks/TP_TwinStickBP.upack)
[2022.02.14-02.55.34:067][  0]LogPakFile: OnPakFileMounted2Time == 0.000037
[2022.02.14-02.55.34:067][  0]LogPakFile: PakFile PrimaryIndexSize=183
[2022.02.14-02.55.34:068][  0]LogPakFile: PakFile PathHashIndexSize=101
[2022.02.14-02.55.34:068][  0]LogPakFile: PakFile FullDirectoryIndexSize=140
[2022.02.14-02.55.34:068][  0]LogShaderLibrary: Display: ShaderCodeLibraryPakFileMountedCallback: PakFile 'C:/Program Files/Epic Games/UE_4.27/FeaturePacks/TP_Vehicle.upack' (chunk index -1, root 'root:/') mounted
[2022.02.14-02.55.34:068][  0]LogShaderLibrary: Display: ShaderCodeLibraryPakFileMountedCallback: pending pak file info (ChunkID:-1 Root:root:/ File:C:/Program Files/Epic Games/UE_4.27/FeaturePacks/TP_Vehicle.upack)
[2022.02.14-02.55.34:068][  0]LogPakFile: OnPakFileMounted2Time == 0.000037
[2022.02.14-02.55.34:068][  0]LogPakFile: PakFile PrimaryIndexSize=186
[2022.02.14-02.55.34:068][  0]LogPakFile: PakFile PathHashIndexSize=101
[2022.02.14-02.55.34:068][  0]LogPakFile: PakFile FullDirectoryIndexSize=146
[2022.02.14-02.55.34:068][  0]LogShaderLibrary: Display: ShaderCodeLibraryPakFileMountedCallback: PakFile 'C:/Program Files/Epic Games/UE_4.27/FeaturePacks/TP_VehicleAdv.upack' (chunk index -1, root 'root:/') mounted
[2022.02.14-02.55.34:068][  0]LogShaderLibrary: Display: ShaderCodeLibraryPakFileMountedCallback: pending pak file info (ChunkID:-1 Root:root:/ File:C:/Program Files/Epic Games/UE_4.27/FeaturePacks/TP_VehicleAdv.upack)
[2022.02.14-02.55.34:068][  0]LogPakFile: OnPakFileMounted2Time == 0.000037
[2022.02.14-02.55.34:069][  0]LogPakFile: PakFile PrimaryIndexSize=188
[2022.02.14-02.55.34:069][  0]LogPakFile: PakFile PathHashIndexSize=101
[2022.02.14-02.55.34:069][  0]LogPakFile: PakFile FullDirectoryIndexSize=150
[2022.02.14-02.55.34:069][  0]LogShaderLibrary: Display: ShaderCodeLibraryPakFileMountedCallback: PakFile 'C:/Program Files/Epic Games/UE_4.27/FeaturePacks/TP_VehicleAdvBP.upack' (chunk index -1, root 'root:/') mounted
[2022.02.14-02.55.34:069][  0]LogShaderLibrary: Display: ShaderCodeLibraryPakFileMountedCallback: pending pak file info (ChunkID:-1 Root:root:/ File:C:/Program Files/Epic Games/UE_4.27/FeaturePacks/TP_VehicleAdvBP.upack)
[2022.02.14-02.55.34:069][  0]LogPakFile: OnPakFileMounted2Time == 0.000042
[2022.02.14-02.55.34:070][  0]LogPakFile: PakFile PrimaryIndexSize=185
[2022.02.14-02.55.34:070][  0]LogPakFile: PakFile PathHashIndexSize=101
[2022.02.14-02.55.34:070][  0]LogPakFile: PakFile FullDirectoryIndexSize=144
[2022.02.14-02.55.34:070][  0]LogShaderLibrary: Display: ShaderCodeLibraryPakFileMountedCallback: PakFile 'C:/Program Files/Epic Games/UE_4.27/FeaturePacks/TP_VehicleBP.upack' (chunk index -1, root 'root:/') mounted
[2022.02.14-02.55.34:070][  0]LogShaderLibrary: Display: ShaderCodeLibraryPakFileMountedCallback: pending pak file info (ChunkID:-1 Root:root:/ File:C:/Program Files/Epic Games/UE_4.27/FeaturePacks/TP_VehicleBP.upack)
[2022.02.14-02.55.34:070][  0]LogPakFile: OnPakFileMounted2Time == 0.000037
[2022.02.14-02.55.34:071][  0]LogPakFile: PakFile PrimaryIndexSize=192
[2022.02.14-02.55.34:071][  0]LogPakFile: PakFile PathHashIndexSize=101
[2022.02.14-02.55.34:071][  0]LogPakFile: PakFile FullDirectoryIndexSize=158
[2022.02.14-02.55.34:071][  0]LogShaderLibrary: Display: ShaderCodeLibraryPakFileMountedCallback: PakFile 'C:/Program Files/Epic Games/UE_4.27/FeaturePacks/TP_VirtualRealityBP.upack' (chunk index -1, root 'root:/') mounted
[2022.02.14-02.55.34:071][  0]LogShaderLibrary: Display: ShaderCodeLibraryPakFileMountedCallback: pending pak file info (ChunkID:-1 Root:root:/ File:C:/Program Files/Epic Games/UE_4.27/FeaturePacks/TP_VirtualRealityBP.upack)
[2022.02.14-02.55.34:071][  0]LogPakFile: OnPakFileMounted2Time == 0.000040
[2022.02.14-02.55.34:187][  0]LogNativeClassHierarchy: Verbose: Native class hierarchy updated for 'AddContentDialog' in 0.0003 seconds. Added 0 classes and 0 folders.
[2022.02.14-02.55.34:188][  0]LogNativeClassHierarchy: Verbose: Native class hierarchy updated for 'SceneOutliner' in 0.0002 seconds. Added 2 classes and 0 folders.
[2022.02.14-02.55.34:235][  0]LogNativeClassHierarchy: Verbose: Native class hierarchy updated for 'HierarchicalLODOutliner' in 0.0003 seconds. Added 0 classes and 0 folders.
[2022.02.14-02.55.34:235][  0]LogLoad: (Engine Initialization) Total time: 10.86 seconds
[2022.02.14-02.55.34:235][  0]LogLoad: (Engine Initialization) Total Blueprint compile time: 0.00 seconds
[2022.02.14-02.55.34:292][  0]LogAssetRegistry: Asset discovery search completed in 6.3236 seconds
[2022.02.14-02.55.34:303][  0]LogCollectionManager: Fixed up redirectors for 0 collections in 0.000005 seconds (updated 0 objects)
[2022.02.14-02.55.34:304][  0]LogContentStreaming: Texture pool size now 1000 MB
[2022.02.14-02.55.34:315][  0]LogSlate: Took 0.000334 seconds to synchronously load lazily loaded font '../../../Engine/Content/Slate/Fonts/Roboto-Regular.ttf' (155K)
[2022.02.14-02.55.34:316][  0]LogSlate: Took 0.000279 seconds to synchronously load lazily loaded font '../../../Engine/Content/Editor/Slate/Fonts/FontAwesome.ttf' (139K)
[2022.02.14-02.55.34:318][  0]LogSlate: Took 0.000282 seconds to synchronously load lazily loaded font '../../../Engine/Content/Slate/Fonts/Roboto-Bold.ttf' (160K)
[2022.02.14-02.55.34:451][  0]LogSlate: Took 0.000271 seconds to synchronously load lazily loaded font '../../../Engine/Content/Slate/Fonts/Roboto-Light.ttf' (167K)
[2022.02.14-02.55.34:484][  1]LogRenderer: Reallocating scene render targets to support 840x396 Format 10 NumSamples 1 (Frame:1).
[2022.02.14-02.55.51:475][952]SourceControl: fatal: C:/Program Files/Epic Games/UE_4.27/Engine/Content: 'C:/Program Files/Epic Games/UE_4.27/Engine/Content' is outside repository at 'C:/Users/conyew2/Desktop/MP1'
[2022.02.14-02.55.51:475][952]SourceControl: fatal: C:/Program Files/Epic Games/UE_4.27/Engine/Plugins/2D/Paper2D/Content: 'C:/Program Files/Epic Games/UE_4.27/Engine/Plugins/2D/Paper2D/Content' is outside repository at 'C:/Users/conyew2/Desktop/MP1'
[2022.02.14-02.55.51:475][952]SourceControl: fatal: C:/Program Files/Epic Games/UE_4.27/Engine/Plugins/Developer/AnimationSharing/Content: 'C:/Program Files/Epic Games/UE_4.27/Engine/Plugins/Developer/AnimationSharing/Content' is outside repository at 'C:/Users/conyew2/Desktop/MP1'
[2022.02.14-02.55.51:475][952]SourceControl: fatal: C:/Program Files/Epic Games/UE_4.27/Engine/Plugins/Enterprise/DatasmithContent/Content: 'C:/Program Files/Epic Games/UE_4.27/Engine/Plugins/Enterprise/DatasmithContent/Content' is outside repository at 'C:/Users/conyew2/Desktop/MP1'
[2022.02.14-02.55.51:475][952]SourceControl: fatal: C:/Program Files/Epic Games/UE_4.27/Engine/Plugins/Editor/GeometryMode/Content: 'C:/Program Files/Epic Games/UE_4.27/Engine/Plugins/Editor/GeometryMode/Content' is outside repository at 'C:/Users/conyew2/Desktop/MP1'
[2022.02.14-02.55.51:475][952]SourceControl: fatal: C:/Program Files/Epic Games/UE_4.27/Engine/Plugins/Editor/SpeedTreeImporter/Content: 'C:/Program Files/Epic Games/UE_4.27/Engine/Plugins/Editor/SpeedTreeImporter/Content' is outside repository at 'C:/Users/conyew2/Desktop/MP1'
[2022.02.14-02.55.51:475][952]SourceControl: fatal: C:/Program Files/Epic Games/UE_4.27/Engine/Plugins/FX/Niagara/Content: 'C:/Program Files/Epic Games/UE_4.27/Engine/Plugins/FX/Niagara/Content' is outside repository at 'C:/Users/conyew2/Desktop/MP1'
[2022.02.14-02.55.51:475][952]SourceControl: fatal: C:/Program Files/Epic Games/UE_4.27/Engine/Plugins/Experimental/ChaosClothEditor/Content: 'C:/Program Files/Epic Games/UE_4.27/Engine/Plugins/Experimental/ChaosClothEditor/Content' is outside repository at 'C:/Users/conyew2/Desktop/MP1'
[2022.02.14-02.55.51:475][952]SourceControl: fatal: C:/Program Files/Epic Games/UE_4.27/Engine/Plugins/Experimental/ChaosNiagara/Content: 'C:/Program Files/Epic Games/UE_4.27/Engine/Plugins/Experimental/ChaosNiagara/Content' is outside repository at 'C:/Users/conyew2/Desktop/MP1'
[2022.02.14-02.55.51:475][952]SourceControl: fatal: C:/Program Files/Epic Games/UE_4.27/Engine/Plugins/Lumin/MagicLeap/Content: 'C:/Program Files/Epic Games/UE_4.27/Engine/Plugins/Lumin/MagicLeap/Content' is outside repository at 'C:/Users/conyew2/Desktop/MP1'
[2022.02.14-02.55.51:475][952]SourceControl: fatal: C:/Program Files/Epic Games/UE_4.27/Engine/Plugins/Experimental/ChaosSolverPlugin/Content: 'C:/Program Files/Epic Games/UE_4.27/Engine/Plugins/Experimental/ChaosSolverPlugin/Content' is outside repository at 'C:/Users/conyew2/Desktop/MP1'
[2022.02.14-02.55.51:475][952]SourceControl: fatal: C:/Program Files/Epic Games/UE_4.27/Engine/Plugins/Lumin/MagicLeapPassableWorld/Content: 'C:/Program Files/Epic Games/UE_4.27/Engine/Plugins/Lumin/MagicLeapPassableWorld/Content' is outside repository at 'C:/Users/conyew2/Desktop/MP1'
[2022.02.14-02.55.51:475][952]SourceControl: fatal: C:/Program Files/Epic Games/UE_4.27/Engine/Plugins/Experimental/GeometryProcessing/Content: 'C:/Program Files/Epic Games/UE_4.27/Engine/Plugins/Experimental/GeometryProcessing/Content' is outside repository at 'C:/Users/conyew2/Desktop/MP1'
[2022.02.14-02.55.51:475][952]SourceControl: fatal: C:/Program Files/Epic Games/UE_4.27/Engine/Plugins/Experimental/GeometryCollectionPlugin/Content: 'C:/Program Files/Epic Games/UE_4.27/Engine/Plugins/Experimental/GeometryCollectionPlugin/Content' is outside repository at 'C:/Users/conyew2/Desktop/MP1'
[2022.02.14-02.55.51:475][952]SourceControl: fatal: C:/Program Files/Epic Games/UE_4.27/Engine/Plugins/Experimental/MotoSynth/Content: 'C:/Program Files/Epic Games/UE_4.27/Engine/Plugins/Experimental/MotoSynth/Content' is outside repository at 'C:/Users/conyew2/Desktop/MP1'
[2022.02.14-02.55.51:475][952]SourceControl: fatal: C:/Program Files/Epic Games/UE_4.27/Engine/Plugins/Experimental/PythonScriptPlugin/Content: 'C:/Program Files/Epic Games/UE_4.27/Engine/Plugins/Experimental/PythonScriptPlugin/Content' is outside repository at 'C:/Users/conyew2/Desktop/MP1'
[2022.02.14-02.55.51:475][952]SourceControl: fatal: C:/Program Files/Epic Games/UE_4.27/Engine/Plugins/Media/MediaCompositing/Content: 'C:/Program Files/Epic Games/UE_4.27/Engine/Plugins/Media/MediaCompositing/Content' is outside repository at 'C:/Users/conyew2/Desktop/MP1'
[2022.02.14-02.55.51:475][952]SourceControl: fatal: C:/Program Files/Epic Games/UE_4.27/Engine/Plugins/Runtime/AudioSynesthesia/Content: 'C:/Program Files/Epic Games/UE_4.27/Engine/Plugins/Runtime/AudioSynesthesia/Content' is outside repository at 'C:/Users/conyew2/Desktop/MP1'
[2022.02.14-02.55.51:475][952]SourceControl: fatal: C:/Program Files/Epic Games/UE_4.27/Engine/Plugins/Runtime/OpenXREyeTracker/Content: 'C:/Program Files/Epic Games/UE_4.27/Engine/Plugins/Runtime/OpenXREyeTracker/Content' is outside repository at 'C:/Users/conyew2/Desktop/MP1'
[2022.02.14-02.55.51:475][952]SourceControl: fatal: C:/Program Files/Epic Games/UE_4.27/Engine/Plugins/Runtime/OpenXR/Content: 'C:/Program Files/Epic Games/UE_4.27/Engine/Plugins/Runtime/OpenXR/Content' is outside repository at 'C:/Users/conyew2/Desktop/MP1'
[2022.02.14-02.55.51:475][952]SourceControl: fatal: C:/Program Files/Epic Games/UE_4.27/Engine/Plugins/Runtime/OpenXRHandTracking/Content: 'C:/Program Files/Epic Games/UE_4.27/Engine/Plugins/Runtime/OpenXRHandTracking/Content' is outside repository at 'C:/Users/conyew2/Desktop/MP1'
[2022.02.14-02.55.51:475][952]SourceControl: fatal: C:/Program Files/Epic Games/UE_4.27/Engine/Plugins/Runtime/PostSplashScreen/Content: 'C:/Program Files/Epic Games/UE_4.27/Engine/Plugins/Runtime/PostSplashScreen/Content' is outside repository at 'C:/Users/conyew2/Desktop/MP1'
[2022.02.14-02.55.51:475][952]SourceControl: fatal: C:/Program Files/Epic Games/UE_4.27/Engine/Plugins/Runtime/Synthesis/Content: 'C:/Program Files/Epic Games/UE_4.27/Engine/Plugins/Runtime/Synthesis/Content' is outside repository at 'C:/Users/conyew2/Desktop/MP1'
[2022.02.14-02.55.51:475][952]SourceControl: fatal: C:/Program Files/Epic Games/UE_4.27/Engine/Plugins/VirtualProduction/Takes/Content: 'C:/Program Files/Epic Games/UE_4.27/Engine/Plugins/VirtualProduction/Takes/Content' is outside repository at 'C:/Users/conyew2/Desktop/MP1'
[2022.02.14-02.55.51:475][952]SourceControl: fatal: C:/Program Files/Epic Games/UE_4.27/Engine/Plugins/Runtime/Oculus/OculusVR/Content: 'C:/Program Files/Epic Games/UE_4.27/Engine/Plugins/Runtime/Oculus/OculusVR/Content' is outside repository at 'C:/Users/conyew2/Desktop/MP1'
[2022.02.14-02.55.51:475][952]SourceControl: fatal: C:/Program Files/Epic Games/UE_4.27/Engine/Plugins/Runtime/Steam/SteamVR/Content: 'C:/Program Files/Epic Games/UE_4.27/Engine/Plugins/Runtime/Steam/SteamVR/Content' is outside repository at 'C:/Users/conyew2/Desktop/MP1'
[2022.02.14-02.55.51:743][952]EditorErrors: Warning: No assets to check in!
